12:51:05.536 [main] INFO  org.eclipse.jetty.util.log - Logging initialized @1321ms
12:51:06.074 [main] INFO  o.atmosphere.cpr.AtmosphereFramework - Installed AtmosphereHandler io.udash.rpc.AtmosphereService mapped to context-path: /*
12:51:06.075 [main] INFO  o.atmosphere.cpr.AtmosphereFramework - Installed the following AtmosphereInterceptor mapped to AtmosphereHandler io.udash.rpc.AtmosphereService
12:51:06.096 [main] WARN  o.atmosphere.cpr.AtmosphereFramework - SessionSupport error. Make sure you also define org.atmosphere.cpr.SessionSupport as a listener in web.xml, see https://github.com/Atmosphere/atmosphere/wiki/Enabling-HttpSession-Support
12:51:06.115 [main] INFO  o.atmosphere.cpr.AtmosphereFramework - Atmosphere is using org.atmosphere.cpr.DefaultAnnotationProcessor for processing annotation
12:51:06.116 [main] INFO  o.a.cpr.DefaultAnnotationProcessor - AnnotationProcessor class org.atmosphere.cpr.DefaultAnnotationProcessor$BytecodeBasedAnnotationProcessor being used
12:51:06.176 [main] INFO  o.atmosphere.cpr.AtmosphereFramework - Auto detecting WebSocketHandler in /WEB-INF/classes/
12:51:06.176 [main] INFO  o.atmosphere.cpr.AtmosphereFramework - Installed WebSocketProtocol org.atmosphere.websocket.protocol.SimpleHttpProtocol 
12:51:06.206 [main] INFO  o.atmosphere.cpr.AtmosphereFramework - Installing Default AtmosphereInterceptors
12:51:06.207 [main] INFO  o.atmosphere.cpr.AtmosphereFramework - 	org.atmosphere.interceptor.CorsInterceptor : CORS Interceptor Support
12:51:06.207 [main] INFO  o.atmosphere.cpr.AtmosphereFramework - 	org.atmosphere.interceptor.CacheHeadersInterceptor : Default Response's Headers Interceptor
12:51:06.208 [main] INFO  o.atmosphere.cpr.AtmosphereFramework - 	org.atmosphere.interceptor.PaddingAtmosphereInterceptor : Browser Padding Interceptor Support
12:51:06.209 [main] INFO  o.atmosphere.cpr.AtmosphereFramework - 	org.atmosphere.interceptor.AndroidAtmosphereInterceptor : Android Interceptor Support
12:51:06.210 [main] INFO  o.atmosphere.cpr.AtmosphereFramework - 	org.atmosphere.interceptor.HeartbeatInterceptor : Heartbeat Interceptor Support
12:51:06.210 [main] INFO  o.atmosphere.cpr.AtmosphereFramework - 	org.atmosphere.interceptor.SSEAtmosphereInterceptor : SSE Interceptor Support
12:51:06.210 [main] INFO  o.atmosphere.cpr.AtmosphereFramework - 	org.atmosphere.interceptor.JSONPAtmosphereInterceptor : JSONP Interceptor Support
12:51:06.211 [main] INFO  o.atmosphere.cpr.AtmosphereFramework - 	org.atmosphere.interceptor.JavaScriptProtocol : Atmosphere JavaScript Protocol
12:51:06.212 [main] INFO  o.atmosphere.cpr.AtmosphereFramework - 	org.atmosphere.interceptor.WebSocketMessageSuspendInterceptor : org.atmosphere.interceptor.WebSocketMessageSuspendInterceptor
12:51:06.212 [main] INFO  o.atmosphere.cpr.AtmosphereFramework - 	org.atmosphere.interceptor.OnDisconnectInterceptor : Browser disconnection detection
12:51:06.212 [main] INFO  o.atmosphere.cpr.AtmosphereFramework - 	org.atmosphere.interceptor.IdleResourceInterceptor : org.atmosphere.interceptor.IdleResourceInterceptor
12:51:06.212 [main] INFO  o.atmosphere.cpr.AtmosphereFramework - Set org.atmosphere.cpr.AtmosphereInterceptor.disableDefaults to disable them.
12:51:06.213 [main] INFO  o.atmosphere.cpr.AtmosphereFramework - Installed AtmosphereInterceptor CORS Interceptor Support with priority FIRST_BEFORE_DEFAULT 
12:51:06.218 [main] INFO  o.atmosphere.cpr.AtmosphereFramework - Installed AtmosphereInterceptor Default Response's Headers Interceptor with priority AFTER_DEFAULT 
12:51:06.218 [main] INFO  o.atmosphere.cpr.AtmosphereFramework - Installed AtmosphereInterceptor Browser Padding Interceptor Support with priority AFTER_DEFAULT 
12:51:06.218 [main] INFO  o.atmosphere.cpr.AtmosphereFramework - Installed AtmosphereInterceptor Android Interceptor Support with priority AFTER_DEFAULT 
12:51:06.219 [main] INFO  o.a.interceptor.HeartbeatInterceptor - HeartbeatInterceptor configured with padding value 'X', client frequency 30 seconds and server frequency 30 seconds
12:51:06.219 [main] INFO  o.atmosphere.cpr.AtmosphereFramework - Installed AtmosphereInterceptor Heartbeat Interceptor Support with priority AFTER_DEFAULT 
12:51:06.219 [main] INFO  o.atmosphere.cpr.AtmosphereFramework - Installed AtmosphereInterceptor SSE Interceptor Support with priority AFTER_DEFAULT 
12:51:06.219 [main] INFO  o.atmosphere.cpr.AtmosphereFramework - Installed AtmosphereInterceptor JSONP Interceptor Support with priority AFTER_DEFAULT 
12:51:06.219 [main] INFO  o.atmosphere.cpr.AtmosphereFramework - Installed AtmosphereInterceptor Atmosphere JavaScript Protocol with priority AFTER_DEFAULT 
12:51:06.219 [main] INFO  o.atmosphere.cpr.AtmosphereFramework - Installed AtmosphereInterceptor org.atmosphere.interceptor.WebSocketMessageSuspendInterceptor with priority AFTER_DEFAULT 
12:51:06.219 [main] INFO  o.atmosphere.cpr.AtmosphereFramework - Installed AtmosphereInterceptor Browser disconnection detection with priority AFTER_DEFAULT 
12:51:06.220 [main] INFO  o.atmosphere.cpr.AtmosphereFramework - Installed AtmosphereInterceptor org.atmosphere.interceptor.IdleResourceInterceptor with priority BEFORE_DEFAULT 
12:51:06.221 [main] INFO  o.atmosphere.cpr.AtmosphereFramework - Using EndpointMapper class org.atmosphere.util.DefaultEndpointMapper
12:51:06.222 [main] WARN  o.atmosphere.cpr.AtmosphereFramework - No BroadcasterCache configured. Broadcasted message between client reconnection will be LOST. It is recommended to configure the org.atmosphere.cache.UUIDBroadcasterCache
12:51:06.222 [main] INFO  o.atmosphere.cpr.AtmosphereFramework - Default Broadcaster Class: org.atmosphere.cpr.DefaultBroadcaster
12:51:06.222 [main] INFO  o.atmosphere.cpr.AtmosphereFramework - Broadcaster Shared List Resources: false
12:51:06.222 [main] INFO  o.atmosphere.cpr.AtmosphereFramework - Broadcaster Polling Wait Time 100
12:51:06.222 [main] INFO  o.atmosphere.cpr.AtmosphereFramework - Shared ExecutorService supported: true
12:51:06.222 [main] INFO  o.atmosphere.cpr.AtmosphereFramework - Messaging Thread Pool Size: 4
12:51:06.222 [main] INFO  o.atmosphere.cpr.AtmosphereFramework - Async I/O Thread Pool Size: 4
12:51:06.222 [main] INFO  o.atmosphere.cpr.AtmosphereFramework - Using BroadcasterFactory: org.atmosphere.cpr.DefaultBroadcasterFactory
12:51:06.222 [main] INFO  o.atmosphere.cpr.AtmosphereFramework - Using AtmosphereResurceFactory: org.atmosphere.cpr.DefaultAtmosphereResourceFactory
12:51:06.222 [main] INFO  o.atmosphere.cpr.AtmosphereFramework - Using WebSocketProcessor: org.atmosphere.websocket.DefaultWebSocketProcessor
12:51:06.222 [main] INFO  o.atmosphere.cpr.AtmosphereFramework - Invoke AtmosphereInterceptor on WebSocket message true
12:51:06.223 [main] INFO  o.atmosphere.cpr.AtmosphereFramework - HttpSession supported: true
12:51:06.223 [main] INFO  o.atmosphere.cpr.AtmosphereFramework - Atmosphere is using DefaultAtmosphereObjectFactory for dependency injection and object creation
12:51:06.223 [main] INFO  o.atmosphere.cpr.AtmosphereFramework - Atmosphere is using async support: org.atmosphere.container.Jetty9AsyncSupportWithWebSocket running under container: Undefined/0.0 with WebSocket enabled.
12:51:06.224 [main] INFO  o.atmosphere.cpr.AtmosphereFramework - Atmosphere Framework 2.4.9 started.
12:51:06.224 [main] INFO  o.atmosphere.cpr.AtmosphereFramework - 

	For Atmosphere Framework Commercial Support, visit 
	http://www.async-io.org/ or send an email to support@async-io.org

12:51:06.228 [main] INFO  org.eclipse.jetty.server.Server - jetty-9.3.11.v20160721
12:51:06.265 [main] INFO  o.e.j.server.handler.ContextHandler - Started o.e.j.s.ServletContextHandler@21e360a{/,null,AVAILABLE}
12:51:06.275 [main] INFO  o.e.jetty.server.AbstractConnector - Started ServerConnector@37d4349f{HTTP/1.1,[http/1.1]}{0.0.0.0:8080}
12:51:06.275 [main] INFO  org.eclipse.jetty.server.Server - Started @2065ms
12:56:57.794 [db-async-worker-thread-1] ERROR c.g.m.a.d.p.SingleThreadedAsyncObjectPool - Failed to validate object
java.util.concurrent.TimeoutException: Futures timed out after [5 seconds]
	at scala.concurrent.impl.Promise$DefaultPromise.ready(Promise.scala:255)
	at scala.concurrent.impl.Promise$DefaultPromise.result(Promise.scala:259)
	at scala.concurrent.Await$.$anonfun$result$1(package.scala:215)
	at scala.concurrent.BlockContext$DefaultBlockContext$.blockOn(BlockContext.scala:53)
	at scala.concurrent.Await$.result(package.scala:142)
	at com.github.mauricio.async.db.mysql.pool.MySQLConnectionFactory.$anonfun$test$1(MySQLConnectionFactory.scala:125)
	at scala.util.Try$.apply(Try.scala:209)
	at com.github.mauricio.async.db.mysql.pool.MySQLConnectionFactory.test(MySQLConnectionFactory.scala:124)
	at com.github.mauricio.async.db.mysql.pool.MySQLConnectionFactory.test(MySQLConnectionFactory.scala:39)
	at com.github.mauricio.async.db.pool.SingleThreadedAsyncObjectPool.$anonfun$testObjects$1(SingleThreadedAsyncObjectPool.scala:253)
	at com.github.mauricio.async.db.pool.SingleThreadedAsyncObjectPool.$anonfun$testObjects$1$adapted(SingleThreadedAsyncObjectPool.scala:252)
	at scala.collection.immutable.List.foreach(List.scala:389)
	at com.github.mauricio.async.db.pool.SingleThreadedAsyncObjectPool.com$github$mauricio$async$db$pool$SingleThreadedAsyncObjectPool$$testObjects(SingleThreadedAsyncObjectPool.scala:252)
	at com.github.mauricio.async.db.pool.SingleThreadedAsyncObjectPool$$anon$1.$anonfun$run$1(SingleThreadedAsyncObjectPool.scala:62)
	at com.github.mauricio.async.db.util.Worker$$anon$1.run(Worker.scala:41)
	at java.util.concurrent.ThreadPoolExecutor.runWorker(ThreadPoolExecutor.java:1149)
	at java.util.concurrent.ThreadPoolExecutor$Worker.run(ThreadPoolExecutor.java:624)
	at java.lang.Thread.run(Thread.java:748)
12:56:57.794 [db-async-worker-thread-1] ERROR c.g.m.a.d.p.SingleThreadedAsyncObjectPool - Failed to validate object
java.util.concurrent.TimeoutException: Futures timed out after [5 seconds]
	at scala.concurrent.impl.Promise$DefaultPromise.ready(Promise.scala:255)
	at scala.concurrent.impl.Promise$DefaultPromise.result(Promise.scala:259)
	at scala.concurrent.Await$.$anonfun$result$1(package.scala:215)
	at scala.concurrent.BlockContext$DefaultBlockContext$.blockOn(BlockContext.scala:53)
	at scala.concurrent.Await$.result(package.scala:142)
	at com.github.mauricio.async.db.mysql.pool.MySQLConnectionFactory.$anonfun$test$1(MySQLConnectionFactory.scala:125)
	at scala.util.Try$.apply(Try.scala:209)
	at com.github.mauricio.async.db.mysql.pool.MySQLConnectionFactory.test(MySQLConnectionFactory.scala:124)
	at com.github.mauricio.async.db.mysql.pool.MySQLConnectionFactory.test(MySQLConnectionFactory.scala:39)
	at com.github.mauricio.async.db.pool.SingleThreadedAsyncObjectPool.$anonfun$testObjects$1(SingleThreadedAsyncObjectPool.scala:253)
	at com.github.mauricio.async.db.pool.SingleThreadedAsyncObjectPool.$anonfun$testObjects$1$adapted(SingleThreadedAsyncObjectPool.scala:252)
	at scala.collection.immutable.List.foreach(List.scala:389)
	at com.github.mauricio.async.db.pool.SingleThreadedAsyncObjectPool.com$github$mauricio$async$db$pool$SingleThreadedAsyncObjectPool$$testObjects(SingleThreadedAsyncObjectPool.scala:252)
	at com.github.mauricio.async.db.pool.SingleThreadedAsyncObjectPool$$anon$1.$anonfun$run$1(SingleThreadedAsyncObjectPool.scala:62)
	at com.github.mauricio.async.db.util.Worker$$anon$1.run(Worker.scala:41)
	at java.util.concurrent.ThreadPoolExecutor.runWorker(ThreadPoolExecutor.java:1149)
	at java.util.concurrent.ThreadPoolExecutor$Worker.run(ThreadPoolExecutor.java:624)
	at java.lang.Thread.run(Thread.java:748)
12:56:57.794 [db-async-worker-thread-1] ERROR c.g.m.a.d.p.SingleThreadedAsyncObjectPool - Failed to validate object
java.util.concurrent.TimeoutException: Futures timed out after [5 seconds]
	at scala.concurrent.impl.Promise$DefaultPromise.ready(Promise.scala:255)
	at scala.concurrent.impl.Promise$DefaultPromise.result(Promise.scala:259)
	at scala.concurrent.Await$.$anonfun$result$1(package.scala:215)
	at scala.concurrent.BlockContext$DefaultBlockContext$.blockOn(BlockContext.scala:53)
	at scala.concurrent.Await$.result(package.scala:142)
	at com.github.mauricio.async.db.mysql.pool.MySQLConnectionFactory.$anonfun$test$1(MySQLConnectionFactory.scala:125)
	at scala.util.Try$.apply(Try.scala:209)
	at com.github.mauricio.async.db.mysql.pool.MySQLConnectionFactory.test(MySQLConnectionFactory.scala:124)
	at com.github.mauricio.async.db.mysql.pool.MySQLConnectionFactory.test(MySQLConnectionFactory.scala:39)
	at com.github.mauricio.async.db.pool.SingleThreadedAsyncObjectPool.$anonfun$testObjects$1(SingleThreadedAsyncObjectPool.scala:253)
	at com.github.mauricio.async.db.pool.SingleThreadedAsyncObjectPool.$anonfun$testObjects$1$adapted(SingleThreadedAsyncObjectPool.scala:252)
	at scala.collection.immutable.List.foreach(List.scala:389)
	at com.github.mauricio.async.db.pool.SingleThreadedAsyncObjectPool.com$github$mauricio$async$db$pool$SingleThreadedAsyncObjectPool$$testObjects(SingleThreadedAsyncObjectPool.scala:252)
	at com.github.mauricio.async.db.pool.SingleThreadedAsyncObjectPool$$anon$1.$anonfun$run$1(SingleThreadedAsyncObjectPool.scala:62)
	at com.github.mauricio.async.db.util.Worker$$anon$1.run(Worker.scala:41)
	at java.util.concurrent.ThreadPoolExecutor.runWorker(ThreadPoolExecutor.java:1149)
	at java.util.concurrent.ThreadPoolExecutor$Worker.run(ThreadPoolExecutor.java:624)
	at java.lang.Thread.run(Thread.java:748)
