11:08:52.781 [main] INFO  org.eclipse.jetty.util.log - Logging initialized @721ms
11:08:53.057 [main] INFO  o.atmosphere.cpr.AtmosphereFramework - Installed AtmosphereHandler io.udash.rpc.AtmosphereService mapped to context-path: /*
11:08:53.057 [main] INFO  o.atmosphere.cpr.AtmosphereFramework - Installed the following AtmosphereInterceptor mapped to AtmosphereHandler io.udash.rpc.AtmosphereService
11:08:53.078 [main] WARN  o.atmosphere.cpr.AtmosphereFramework - SessionSupport error. Make sure you also define org.atmosphere.cpr.SessionSupport as a listener in web.xml, see https://github.com/Atmosphere/atmosphere/wiki/Enabling-HttpSession-Support
11:08:53.108 [main] INFO  o.atmosphere.cpr.AtmosphereFramework - Atmosphere is using org.atmosphere.cpr.DefaultAnnotationProcessor for processing annotation
11:08:53.109 [main] INFO  o.a.cpr.DefaultAnnotationProcessor - AnnotationProcessor class org.atmosphere.cpr.DefaultAnnotationProcessor$BytecodeBasedAnnotationProcessor being used
11:08:53.184 [main] INFO  o.atmosphere.cpr.AtmosphereFramework - Auto detecting WebSocketHandler in /WEB-INF/classes/
11:08:53.184 [main] INFO  o.atmosphere.cpr.AtmosphereFramework - Installed WebSocketProtocol org.atmosphere.websocket.protocol.SimpleHttpProtocol 
11:08:53.217 [main] INFO  o.atmosphere.cpr.AtmosphereFramework - Installing Default AtmosphereInterceptors
11:08:53.218 [main] INFO  o.atmosphere.cpr.AtmosphereFramework - 	org.atmosphere.interceptor.CorsInterceptor : CORS Interceptor Support
11:08:53.218 [main] INFO  o.atmosphere.cpr.AtmosphereFramework - 	org.atmosphere.interceptor.CacheHeadersInterceptor : Default Response's Headers Interceptor
11:08:53.219 [main] INFO  o.atmosphere.cpr.AtmosphereFramework - 	org.atmosphere.interceptor.PaddingAtmosphereInterceptor : Browser Padding Interceptor Support
11:08:53.220 [main] INFO  o.atmosphere.cpr.AtmosphereFramework - 	org.atmosphere.interceptor.AndroidAtmosphereInterceptor : Android Interceptor Support
11:08:53.220 [main] INFO  o.atmosphere.cpr.AtmosphereFramework - 	org.atmosphere.interceptor.HeartbeatInterceptor : Heartbeat Interceptor Support
11:08:53.221 [main] INFO  o.atmosphere.cpr.AtmosphereFramework - 	org.atmosphere.interceptor.SSEAtmosphereInterceptor : SSE Interceptor Support
11:08:53.221 [main] INFO  o.atmosphere.cpr.AtmosphereFramework - 	org.atmosphere.interceptor.JSONPAtmosphereInterceptor : JSONP Interceptor Support
11:08:53.223 [main] INFO  o.atmosphere.cpr.AtmosphereFramework - 	org.atmosphere.interceptor.JavaScriptProtocol : Atmosphere JavaScript Protocol
11:08:53.223 [main] INFO  o.atmosphere.cpr.AtmosphereFramework - 	org.atmosphere.interceptor.WebSocketMessageSuspendInterceptor : org.atmosphere.interceptor.WebSocketMessageSuspendInterceptor
11:08:53.223 [main] INFO  o.atmosphere.cpr.AtmosphereFramework - 	org.atmosphere.interceptor.OnDisconnectInterceptor : Browser disconnection detection
11:08:53.223 [main] INFO  o.atmosphere.cpr.AtmosphereFramework - 	org.atmosphere.interceptor.IdleResourceInterceptor : org.atmosphere.interceptor.IdleResourceInterceptor
11:08:53.224 [main] INFO  o.atmosphere.cpr.AtmosphereFramework - Set org.atmosphere.cpr.AtmosphereInterceptor.disableDefaults to disable them.
11:08:53.224 [main] INFO  o.atmosphere.cpr.AtmosphereFramework - Installed AtmosphereInterceptor CORS Interceptor Support with priority FIRST_BEFORE_DEFAULT 
11:08:53.229 [main] INFO  o.atmosphere.cpr.AtmosphereFramework - Installed AtmosphereInterceptor Default Response's Headers Interceptor with priority AFTER_DEFAULT 
11:08:53.230 [main] INFO  o.atmosphere.cpr.AtmosphereFramework - Installed AtmosphereInterceptor Browser Padding Interceptor Support with priority AFTER_DEFAULT 
11:08:53.230 [main] INFO  o.atmosphere.cpr.AtmosphereFramework - Installed AtmosphereInterceptor Android Interceptor Support with priority AFTER_DEFAULT 
11:08:53.230 [main] INFO  o.a.interceptor.HeartbeatInterceptor - HeartbeatInterceptor configured with padding value 'X', client frequency 30 seconds and server frequency 30 seconds
11:08:53.230 [main] INFO  o.atmosphere.cpr.AtmosphereFramework - Installed AtmosphereInterceptor Heartbeat Interceptor Support with priority AFTER_DEFAULT 
11:08:53.231 [main] INFO  o.atmosphere.cpr.AtmosphereFramework - Installed AtmosphereInterceptor SSE Interceptor Support with priority AFTER_DEFAULT 
11:08:53.231 [main] INFO  o.atmosphere.cpr.AtmosphereFramework - Installed AtmosphereInterceptor JSONP Interceptor Support with priority AFTER_DEFAULT 
11:08:53.231 [main] INFO  o.atmosphere.cpr.AtmosphereFramework - Installed AtmosphereInterceptor Atmosphere JavaScript Protocol with priority AFTER_DEFAULT 
11:08:53.231 [main] INFO  o.atmosphere.cpr.AtmosphereFramework - Installed AtmosphereInterceptor org.atmosphere.interceptor.WebSocketMessageSuspendInterceptor with priority AFTER_DEFAULT 
11:08:53.231 [main] INFO  o.atmosphere.cpr.AtmosphereFramework - Installed AtmosphereInterceptor Browser disconnection detection with priority AFTER_DEFAULT 
11:08:53.232 [main] INFO  o.atmosphere.cpr.AtmosphereFramework - Installed AtmosphereInterceptor org.atmosphere.interceptor.IdleResourceInterceptor with priority BEFORE_DEFAULT 
11:08:53.233 [main] INFO  o.atmosphere.cpr.AtmosphereFramework - Using EndpointMapper class org.atmosphere.util.DefaultEndpointMapper
11:08:53.234 [main] WARN  o.atmosphere.cpr.AtmosphereFramework - No BroadcasterCache configured. Broadcasted message between client reconnection will be LOST. It is recommended to configure the org.atmosphere.cache.UUIDBroadcasterCache
11:08:53.234 [main] INFO  o.atmosphere.cpr.AtmosphereFramework - Default Broadcaster Class: org.atmosphere.cpr.DefaultBroadcaster
11:08:53.235 [main] INFO  o.atmosphere.cpr.AtmosphereFramework - Broadcaster Shared List Resources: false
11:08:53.235 [main] INFO  o.atmosphere.cpr.AtmosphereFramework - Broadcaster Polling Wait Time 100
11:08:53.235 [main] INFO  o.atmosphere.cpr.AtmosphereFramework - Shared ExecutorService supported: true
11:08:53.235 [main] INFO  o.atmosphere.cpr.AtmosphereFramework - Messaging Thread Pool Size: 4
11:08:53.235 [main] INFO  o.atmosphere.cpr.AtmosphereFramework - Async I/O Thread Pool Size: 4
11:08:53.235 [main] INFO  o.atmosphere.cpr.AtmosphereFramework - Using BroadcasterFactory: org.atmosphere.cpr.DefaultBroadcasterFactory
11:08:53.235 [main] INFO  o.atmosphere.cpr.AtmosphereFramework - Using AtmosphereResurceFactory: org.atmosphere.cpr.DefaultAtmosphereResourceFactory
11:08:53.235 [main] INFO  o.atmosphere.cpr.AtmosphereFramework - Using WebSocketProcessor: org.atmosphere.websocket.DefaultWebSocketProcessor
11:08:53.235 [main] INFO  o.atmosphere.cpr.AtmosphereFramework - Invoke AtmosphereInterceptor on WebSocket message true
11:08:53.236 [main] INFO  o.atmosphere.cpr.AtmosphereFramework - HttpSession supported: true
11:08:53.236 [main] INFO  o.atmosphere.cpr.AtmosphereFramework - Atmosphere is using DefaultAtmosphereObjectFactory for dependency injection and object creation
11:08:53.236 [main] INFO  o.atmosphere.cpr.AtmosphereFramework - Atmosphere is using async support: org.atmosphere.container.Jetty9AsyncSupportWithWebSocket running under container: Undefined/0.0 with WebSocket enabled.
11:08:53.238 [main] INFO  o.atmosphere.cpr.AtmosphereFramework - Atmosphere Framework 2.4.9 started.
11:08:53.238 [main] INFO  o.atmosphere.cpr.AtmosphereFramework - 

	For Atmosphere Framework Commercial Support, visit 
	http://www.async-io.org/ or send an email to support@async-io.org

11:08:53.242 [main] INFO  org.eclipse.jetty.server.Server - jetty-9.3.11.v20160721
11:08:53.284 [main] INFO  o.e.j.server.handler.ContextHandler - Started o.e.j.s.ServletContextHandler@21e360a{/,null,AVAILABLE}
11:08:53.297 [main] INFO  o.e.jetty.server.AbstractConnector - Started ServerConnector@37d4349f{HTTP/1.1,[http/1.1]}{0.0.0.0:8080}
11:08:53.297 [main] INFO  org.eclipse.jetty.server.Server - Started @1241ms
11:08:54.564 [Thread-0] INFO  o.atmosphere.cpr.AtmosphereFramework - Latest version of Atmosphere's JavaScript Client 2.3.5
