15:00:08.239 [main] INFO  org.eclipse.jetty.util.log - Logging initialized @674ms
15:00:08.508 [main] INFO  o.atmosphere.cpr.AtmosphereFramework - Installed AtmosphereHandler io.udash.rpc.AtmosphereService mapped to context-path: /*
15:00:08.508 [main] INFO  o.atmosphere.cpr.AtmosphereFramework - Installed the following AtmosphereInterceptor mapped to AtmosphereHandler io.udash.rpc.AtmosphereService
15:00:08.529 [main] WARN  o.atmosphere.cpr.AtmosphereFramework - SessionSupport error. Make sure you also define org.atmosphere.cpr.SessionSupport as a listener in web.xml, see https://github.com/Atmosphere/atmosphere/wiki/Enabling-HttpSession-Support
15:00:08.557 [main] INFO  o.atmosphere.cpr.AtmosphereFramework - Atmosphere is using org.atmosphere.cpr.DefaultAnnotationProcessor for processing annotation
15:00:08.557 [main] INFO  o.a.cpr.DefaultAnnotationProcessor - AnnotationProcessor class org.atmosphere.cpr.DefaultAnnotationProcessor$BytecodeBasedAnnotationProcessor being used
15:00:08.613 [main] INFO  o.atmosphere.cpr.AtmosphereFramework - Auto detecting WebSocketHandler in /WEB-INF/classes/
15:00:08.613 [main] INFO  o.atmosphere.cpr.AtmosphereFramework - Installed WebSocketProtocol org.atmosphere.websocket.protocol.SimpleHttpProtocol 
15:00:08.641 [main] INFO  o.atmosphere.cpr.AtmosphereFramework - Installing Default AtmosphereInterceptors
15:00:08.643 [main] INFO  o.atmosphere.cpr.AtmosphereFramework - 	org.atmosphere.interceptor.CorsInterceptor : CORS Interceptor Support
15:00:08.643 [main] INFO  o.atmosphere.cpr.AtmosphereFramework - 	org.atmosphere.interceptor.CacheHeadersInterceptor : Default Response's Headers Interceptor
15:00:08.644 [main] INFO  o.atmosphere.cpr.AtmosphereFramework - 	org.atmosphere.interceptor.PaddingAtmosphereInterceptor : Browser Padding Interceptor Support
15:00:08.645 [main] INFO  o.atmosphere.cpr.AtmosphereFramework - 	org.atmosphere.interceptor.AndroidAtmosphereInterceptor : Android Interceptor Support
15:00:08.646 [main] INFO  o.atmosphere.cpr.AtmosphereFramework - 	org.atmosphere.interceptor.HeartbeatInterceptor : Heartbeat Interceptor Support
15:00:08.647 [main] INFO  o.atmosphere.cpr.AtmosphereFramework - 	org.atmosphere.interceptor.SSEAtmosphereInterceptor : SSE Interceptor Support
15:00:08.648 [main] INFO  o.atmosphere.cpr.AtmosphereFramework - 	org.atmosphere.interceptor.JSONPAtmosphereInterceptor : JSONP Interceptor Support
15:00:08.650 [main] INFO  o.atmosphere.cpr.AtmosphereFramework - 	org.atmosphere.interceptor.JavaScriptProtocol : Atmosphere JavaScript Protocol
15:00:08.650 [main] INFO  o.atmosphere.cpr.AtmosphereFramework - 	org.atmosphere.interceptor.WebSocketMessageSuspendInterceptor : org.atmosphere.interceptor.WebSocketMessageSuspendInterceptor
15:00:08.650 [main] INFO  o.atmosphere.cpr.AtmosphereFramework - 	org.atmosphere.interceptor.OnDisconnectInterceptor : Browser disconnection detection
15:00:08.651 [main] INFO  o.atmosphere.cpr.AtmosphereFramework - 	org.atmosphere.interceptor.IdleResourceInterceptor : org.atmosphere.interceptor.IdleResourceInterceptor
15:00:08.651 [main] INFO  o.atmosphere.cpr.AtmosphereFramework - Set org.atmosphere.cpr.AtmosphereInterceptor.disableDefaults to disable them.
15:00:08.652 [main] INFO  o.atmosphere.cpr.AtmosphereFramework - Installed AtmosphereInterceptor CORS Interceptor Support with priority FIRST_BEFORE_DEFAULT 
15:00:08.656 [main] INFO  o.atmosphere.cpr.AtmosphereFramework - Installed AtmosphereInterceptor Default Response's Headers Interceptor with priority AFTER_DEFAULT 
15:00:08.657 [main] INFO  o.atmosphere.cpr.AtmosphereFramework - Installed AtmosphereInterceptor Browser Padding Interceptor Support with priority AFTER_DEFAULT 
15:00:08.657 [main] INFO  o.atmosphere.cpr.AtmosphereFramework - Installed AtmosphereInterceptor Android Interceptor Support with priority AFTER_DEFAULT 
15:00:08.657 [main] INFO  o.a.interceptor.HeartbeatInterceptor - HeartbeatInterceptor configured with padding value 'X', client frequency 30 seconds and server frequency 30 seconds
15:00:08.658 [main] INFO  o.atmosphere.cpr.AtmosphereFramework - Installed AtmosphereInterceptor Heartbeat Interceptor Support with priority AFTER_DEFAULT 
15:00:08.658 [main] INFO  o.atmosphere.cpr.AtmosphereFramework - Installed AtmosphereInterceptor SSE Interceptor Support with priority AFTER_DEFAULT 
15:00:08.658 [main] INFO  o.atmosphere.cpr.AtmosphereFramework - Installed AtmosphereInterceptor JSONP Interceptor Support with priority AFTER_DEFAULT 
15:00:08.658 [main] INFO  o.atmosphere.cpr.AtmosphereFramework - Installed AtmosphereInterceptor Atmosphere JavaScript Protocol with priority AFTER_DEFAULT 
15:00:08.658 [main] INFO  o.atmosphere.cpr.AtmosphereFramework - Installed AtmosphereInterceptor org.atmosphere.interceptor.WebSocketMessageSuspendInterceptor with priority AFTER_DEFAULT 
15:00:08.658 [main] INFO  o.atmosphere.cpr.AtmosphereFramework - Installed AtmosphereInterceptor Browser disconnection detection with priority AFTER_DEFAULT 
15:00:08.658 [main] INFO  o.atmosphere.cpr.AtmosphereFramework - Installed AtmosphereInterceptor org.atmosphere.interceptor.IdleResourceInterceptor with priority BEFORE_DEFAULT 
15:00:08.661 [main] INFO  o.atmosphere.cpr.AtmosphereFramework - Using EndpointMapper class org.atmosphere.util.DefaultEndpointMapper
15:00:08.663 [main] WARN  o.atmosphere.cpr.AtmosphereFramework - No BroadcasterCache configured. Broadcasted message between client reconnection will be LOST. It is recommended to configure the org.atmosphere.cache.UUIDBroadcasterCache
15:00:08.663 [main] INFO  o.atmosphere.cpr.AtmosphereFramework - Default Broadcaster Class: org.atmosphere.cpr.DefaultBroadcaster
15:00:08.663 [main] INFO  o.atmosphere.cpr.AtmosphereFramework - Broadcaster Shared List Resources: false
15:00:08.663 [main] INFO  o.atmosphere.cpr.AtmosphereFramework - Broadcaster Polling Wait Time 100
15:00:08.663 [main] INFO  o.atmosphere.cpr.AtmosphereFramework - Shared ExecutorService supported: true
15:00:08.663 [main] INFO  o.atmosphere.cpr.AtmosphereFramework - Messaging Thread Pool Size: 4
15:00:08.663 [main] INFO  o.atmosphere.cpr.AtmosphereFramework - Async I/O Thread Pool Size: 4
15:00:08.664 [main] INFO  o.atmosphere.cpr.AtmosphereFramework - Using BroadcasterFactory: org.atmosphere.cpr.DefaultBroadcasterFactory
15:00:08.664 [main] INFO  o.atmosphere.cpr.AtmosphereFramework - Using AtmosphereResurceFactory: org.atmosphere.cpr.DefaultAtmosphereResourceFactory
15:00:08.664 [main] INFO  o.atmosphere.cpr.AtmosphereFramework - Using WebSocketProcessor: org.atmosphere.websocket.DefaultWebSocketProcessor
15:00:08.664 [main] INFO  o.atmosphere.cpr.AtmosphereFramework - Invoke AtmosphereInterceptor on WebSocket message true
15:00:08.664 [main] INFO  o.atmosphere.cpr.AtmosphereFramework - HttpSession supported: true
15:00:08.664 [main] INFO  o.atmosphere.cpr.AtmosphereFramework - Atmosphere is using DefaultAtmosphereObjectFactory for dependency injection and object creation
15:00:08.664 [main] INFO  o.atmosphere.cpr.AtmosphereFramework - Atmosphere is using async support: org.atmosphere.container.Jetty9AsyncSupportWithWebSocket running under container: Undefined/0.0 with WebSocket enabled.
15:00:08.666 [main] INFO  o.atmosphere.cpr.AtmosphereFramework - Atmosphere Framework 2.4.9 started.
15:00:08.666 [main] INFO  o.atmosphere.cpr.AtmosphereFramework - 

	For Atmosphere Framework Commercial Support, visit 
	http://www.async-io.org/ or send an email to support@async-io.org

15:00:08.671 [main] INFO  org.eclipse.jetty.server.Server - jetty-9.3.11.v20160721
15:00:08.719 [main] INFO  o.e.j.server.handler.ContextHandler - Started o.e.j.s.ServletContextHandler@21e360a{/,null,AVAILABLE}
15:00:08.733 [main] INFO  o.e.jetty.server.AbstractConnector - Started ServerConnector@37d4349f{HTTP/1.1,[http/1.1]}{0.0.0.0:8080}
15:00:08.734 [main] INFO  org.eclipse.jetty.server.Server - Started @1173ms
15:00:24.557 [db-async-worker-thread-1] WARN  io.netty.channel.DefaultChannelId - Failed to find a usable hardware address from the network interfaces; using random bytes: 8b:97:fc:f0:78:54:d1:ba
16:05:03.866 [scala-execution-context-global-502] ERROR io.udash.rpc.AtmosphereService - RPC request handling failed
java.lang.Exception: prossimaCarta in it.lorenzogabriele.impara.shared.rpc.ServicesRPC with arguments [[1]] cannot be handled by raw method call
	at com.avsystem.commons.rpc.RPCFramework$RawRPCUtils.fail(RPCFramework.scala:44)
	at com.avsystem.commons.rpc.RPCFramework$RawRPCUtils.fail$(RPCFramework.scala:42)
	at it.lorenzogabriele.impara.server.jetty.ApplicationServer$$anon$12$$anon$1$$anon$13.fail(ApplicationServer.scala:38)
	at it.lorenzogabriele.impara.server.jetty.ApplicationServer$$anon$12$$anon$1$$anon$13$$anon$3.call(ApplicationServer.scala:38)
	at io.udash.rpc.ExposesServerRPC.handleRpcCall(ExposesServerRPC.scala:24)
	at io.udash.rpc.AtmosphereService.handleRpcRequest(AtmosphereService.scala:182)
	at io.udash.rpc.AtmosphereService.handleRequest(AtmosphereService.scala:122)
	at io.udash.rpc.AtmosphereService.onWebsocketRequest(AtmosphereService.scala:84)
	at io.udash.rpc.AtmosphereService.onRequest(AtmosphereService.scala:64)
	at org.atmosphere.cpr.AsynchronousProcessor.action(AsynchronousProcessor.java:223)
	at org.atmosphere.cpr.AsynchronousProcessor.suspended(AsynchronousProcessor.java:115)
	at org.atmosphere.container.Jetty9AsyncSupportWithWebSocket.service(Jetty9AsyncSupportWithWebSocket.java:180)
	at org.atmosphere.cpr.AtmosphereFramework.doCometSupport(AtmosphereFramework.java:2287)
	at org.atmosphere.websocket.DefaultWebSocketProcessor.dispatch(DefaultWebSocketProcessor.java:593)
	at org.atmosphere.websocket.DefaultWebSocketProcessor$3.run(DefaultWebSocketProcessor.java:345)
	at org.atmosphere.util.VoidExecutorService.execute(VoidExecutorService.java:101)
	at org.atmosphere.websocket.DefaultWebSocketProcessor.dispatch(DefaultWebSocketProcessor.java:340)
	at org.atmosphere.websocket.DefaultWebSocketProcessor.invokeWebSocketProtocol(DefaultWebSocketProcessor.java:447)
	at org.atmosphere.container.Jetty9WebSocketHandler.onWebSocketText(Jetty9WebSocketHandler.java:128)
	at org.eclipse.jetty.websocket.common.events.JettyListenerEventDriver.onTextMessage(JettyListenerEventDriver.java:189)
	at org.eclipse.jetty.websocket.common.message.SimpleTextMessage.messageComplete(SimpleTextMessage.java:69)
	at org.eclipse.jetty.websocket.common.events.AbstractEventDriver.appendMessage(AbstractEventDriver.java:66)
	at org.eclipse.jetty.websocket.common.events.JettyListenerEventDriver.onTextFrame(JettyListenerEventDriver.java:158)
	at org.eclipse.jetty.websocket.common.events.AbstractEventDriver.incomingFrame(AbstractEventDriver.java:162)
	at org.eclipse.jetty.websocket.common.WebSocketSession.incomingFrame(WebSocketSession.java:376)
	at org.eclipse.jetty.websocket.common.extensions.ExtensionStack.incomingFrame(ExtensionStack.java:220)
	at org.eclipse.jetty.websocket.common.Parser.notifyFrame(Parser.java:220)
	at org.eclipse.jetty.websocket.common.Parser.parse(Parser.java:256)
	at org.eclipse.jetty.websocket.common.io.AbstractWebSocketConnection.readParse(AbstractWebSocketConnection.java:679)
	at org.eclipse.jetty.websocket.common.io.AbstractWebSocketConnection.onFillable(AbstractWebSocketConnection.java:511)
	at org.eclipse.jetty.io.AbstractConnection$ReadCallback.succeeded(AbstractConnection.java:273)
	at org.eclipse.jetty.io.FillInterest.fillable(FillInterest.java:95)
	at org.eclipse.jetty.io.SelectChannelEndPoint$2.run(SelectChannelEndPoint.java:93)
	at org.eclipse.jetty.util.thread.strategy.ExecuteProduceConsume.executeProduceConsume(ExecuteProduceConsume.java:303)
	at org.eclipse.jetty.util.thread.strategy.ExecuteProduceConsume.produceConsume(ExecuteProduceConsume.java:148)
	at org.eclipse.jetty.util.thread.strategy.ExecuteProduceConsume.run(ExecuteProduceConsume.java:136)
	at org.eclipse.jetty.util.thread.QueuedThreadPool.runJob(QueuedThreadPool.java:671)
	at org.eclipse.jetty.util.thread.QueuedThreadPool$2.run(QueuedThreadPool.java:589)
	at java.lang.Thread.run(Thread.java:748)
16:05:13.941 [scala-execution-context-global-515] ERROR io.udash.rpc.AtmosphereService - RPC request handling failed
java.lang.Exception: prossimaCarta in it.lorenzogabriele.impara.shared.rpc.ServicesRPC with arguments [[1]] cannot be handled by raw method call
	at com.avsystem.commons.rpc.RPCFramework$RawRPCUtils.fail(RPCFramework.scala:44)
	at com.avsystem.commons.rpc.RPCFramework$RawRPCUtils.fail$(RPCFramework.scala:42)
	at it.lorenzogabriele.impara.server.jetty.ApplicationServer$$anon$12$$anon$1$$anon$13.fail(ApplicationServer.scala:38)
	at it.lorenzogabriele.impara.server.jetty.ApplicationServer$$anon$12$$anon$1$$anon$13$$anon$3.call(ApplicationServer.scala:38)
	at io.udash.rpc.ExposesServerRPC.handleRpcCall(ExposesServerRPC.scala:24)
	at io.udash.rpc.AtmosphereService.handleRpcRequest(AtmosphereService.scala:182)
	at io.udash.rpc.AtmosphereService.handleRequest(AtmosphereService.scala:122)
	at io.udash.rpc.AtmosphereService.onWebsocketRequest(AtmosphereService.scala:84)
	at io.udash.rpc.AtmosphereService.onRequest(AtmosphereService.scala:64)
	at org.atmosphere.cpr.AsynchronousProcessor.action(AsynchronousProcessor.java:223)
	at org.atmosphere.cpr.AsynchronousProcessor.suspended(AsynchronousProcessor.java:115)
	at org.atmosphere.container.Jetty9AsyncSupportWithWebSocket.service(Jetty9AsyncSupportWithWebSocket.java:180)
	at org.atmosphere.cpr.AtmosphereFramework.doCometSupport(AtmosphereFramework.java:2287)
	at org.atmosphere.websocket.DefaultWebSocketProcessor.dispatch(DefaultWebSocketProcessor.java:593)
	at org.atmosphere.websocket.DefaultWebSocketProcessor$3.run(DefaultWebSocketProcessor.java:345)
	at org.atmosphere.util.VoidExecutorService.execute(VoidExecutorService.java:101)
	at org.atmosphere.websocket.DefaultWebSocketProcessor.dispatch(DefaultWebSocketProcessor.java:340)
	at org.atmosphere.websocket.DefaultWebSocketProcessor.invokeWebSocketProtocol(DefaultWebSocketProcessor.java:447)
	at org.atmosphere.container.Jetty9WebSocketHandler.onWebSocketText(Jetty9WebSocketHandler.java:128)
	at org.eclipse.jetty.websocket.common.events.JettyListenerEventDriver.onTextMessage(JettyListenerEventDriver.java:189)
	at org.eclipse.jetty.websocket.common.message.SimpleTextMessage.messageComplete(SimpleTextMessage.java:69)
	at org.eclipse.jetty.websocket.common.events.AbstractEventDriver.appendMessage(AbstractEventDriver.java:66)
	at org.eclipse.jetty.websocket.common.events.JettyListenerEventDriver.onTextFrame(JettyListenerEventDriver.java:158)
	at org.eclipse.jetty.websocket.common.events.AbstractEventDriver.incomingFrame(AbstractEventDriver.java:162)
	at org.eclipse.jetty.websocket.common.WebSocketSession.incomingFrame(WebSocketSession.java:376)
	at org.eclipse.jetty.websocket.common.extensions.ExtensionStack.incomingFrame(ExtensionStack.java:220)
	at org.eclipse.jetty.websocket.common.Parser.notifyFrame(Parser.java:220)
	at org.eclipse.jetty.websocket.common.Parser.parse(Parser.java:256)
	at org.eclipse.jetty.websocket.common.io.AbstractWebSocketConnection.readParse(AbstractWebSocketConnection.java:679)
	at org.eclipse.jetty.websocket.common.io.AbstractWebSocketConnection.onFillable(AbstractWebSocketConnection.java:511)
	at org.eclipse.jetty.io.AbstractConnection$ReadCallback.succeeded(AbstractConnection.java:273)
	at org.eclipse.jetty.io.FillInterest.fillable(FillInterest.java:95)
	at org.eclipse.jetty.io.SelectChannelEndPoint$2.run(SelectChannelEndPoint.java:93)
	at org.eclipse.jetty.util.thread.strategy.ExecuteProduceConsume.executeProduceConsume(ExecuteProduceConsume.java:303)
	at org.eclipse.jetty.util.thread.strategy.ExecuteProduceConsume.produceConsume(ExecuteProduceConsume.java:148)
	at org.eclipse.jetty.util.thread.strategy.ExecuteProduceConsume.run(ExecuteProduceConsume.java:136)
	at org.eclipse.jetty.util.thread.QueuedThreadPool.runJob(QueuedThreadPool.java:671)
	at org.eclipse.jetty.util.thread.QueuedThreadPool$2.run(QueuedThreadPool.java:589)
	at java.lang.Thread.run(Thread.java:748)
16:05:37.217 [scala-execution-context-global-516] ERROR io.udash.rpc.AtmosphereService - RPC request handling failed
java.lang.Exception: prossimaCarta in it.lorenzogabriele.impara.shared.rpc.ServicesRPC with arguments [[1]] cannot be handled by raw method call
	at com.avsystem.commons.rpc.RPCFramework$RawRPCUtils.fail(RPCFramework.scala:44)
	at com.avsystem.commons.rpc.RPCFramework$RawRPCUtils.fail$(RPCFramework.scala:42)
	at it.lorenzogabriele.impara.server.jetty.ApplicationServer$$anon$12$$anon$1$$anon$13.fail(ApplicationServer.scala:38)
	at it.lorenzogabriele.impara.server.jetty.ApplicationServer$$anon$12$$anon$1$$anon$13$$anon$3.call(ApplicationServer.scala:38)
	at io.udash.rpc.ExposesServerRPC.handleRpcCall(ExposesServerRPC.scala:24)
	at io.udash.rpc.AtmosphereService.handleRpcRequest(AtmosphereService.scala:182)
	at io.udash.rpc.AtmosphereService.handleRequest(AtmosphereService.scala:122)
	at io.udash.rpc.AtmosphereService.onWebsocketRequest(AtmosphereService.scala:84)
	at io.udash.rpc.AtmosphereService.onRequest(AtmosphereService.scala:64)
	at org.atmosphere.cpr.AsynchronousProcessor.action(AsynchronousProcessor.java:223)
	at org.atmosphere.cpr.AsynchronousProcessor.suspended(AsynchronousProcessor.java:115)
	at org.atmosphere.container.Jetty9AsyncSupportWithWebSocket.service(Jetty9AsyncSupportWithWebSocket.java:180)
	at org.atmosphere.cpr.AtmosphereFramework.doCometSupport(AtmosphereFramework.java:2287)
	at org.atmosphere.websocket.DefaultWebSocketProcessor.dispatch(DefaultWebSocketProcessor.java:593)
	at org.atmosphere.websocket.DefaultWebSocketProcessor$3.run(DefaultWebSocketProcessor.java:345)
	at org.atmosphere.util.VoidExecutorService.execute(VoidExecutorService.java:101)
	at org.atmosphere.websocket.DefaultWebSocketProcessor.dispatch(DefaultWebSocketProcessor.java:340)
	at org.atmosphere.websocket.DefaultWebSocketProcessor.invokeWebSocketProtocol(DefaultWebSocketProcessor.java:447)
	at org.atmosphere.container.Jetty9WebSocketHandler.onWebSocketText(Jetty9WebSocketHandler.java:128)
	at org.eclipse.jetty.websocket.common.events.JettyListenerEventDriver.onTextMessage(JettyListenerEventDriver.java:189)
	at org.eclipse.jetty.websocket.common.message.SimpleTextMessage.messageComplete(SimpleTextMessage.java:69)
	at org.eclipse.jetty.websocket.common.events.AbstractEventDriver.appendMessage(AbstractEventDriver.java:66)
	at org.eclipse.jetty.websocket.common.events.JettyListenerEventDriver.onTextFrame(JettyListenerEventDriver.java:158)
	at org.eclipse.jetty.websocket.common.events.AbstractEventDriver.incomingFrame(AbstractEventDriver.java:162)
	at org.eclipse.jetty.websocket.common.WebSocketSession.incomingFrame(WebSocketSession.java:376)
	at org.eclipse.jetty.websocket.common.extensions.ExtensionStack.incomingFrame(ExtensionStack.java:220)
	at org.eclipse.jetty.websocket.common.Parser.notifyFrame(Parser.java:220)
	at org.eclipse.jetty.websocket.common.Parser.parse(Parser.java:256)
	at org.eclipse.jetty.websocket.common.io.AbstractWebSocketConnection.readParse(AbstractWebSocketConnection.java:679)
	at org.eclipse.jetty.websocket.common.io.AbstractWebSocketConnection.onFillable(AbstractWebSocketConnection.java:511)
	at org.eclipse.jetty.io.AbstractConnection$ReadCallback.succeeded(AbstractConnection.java:273)
	at org.eclipse.jetty.io.FillInterest.fillable(FillInterest.java:95)
	at org.eclipse.jetty.io.SelectChannelEndPoint$2.run(SelectChannelEndPoint.java:93)
	at org.eclipse.jetty.util.thread.strategy.ExecuteProduceConsume.executeProduceConsume(ExecuteProduceConsume.java:303)
	at org.eclipse.jetty.util.thread.strategy.ExecuteProduceConsume.produceConsume(ExecuteProduceConsume.java:148)
	at org.eclipse.jetty.util.thread.strategy.ExecuteProduceConsume.run(ExecuteProduceConsume.java:136)
	at org.eclipse.jetty.util.thread.QueuedThreadPool.runJob(QueuedThreadPool.java:671)
	at org.eclipse.jetty.util.thread.QueuedThreadPool$2.run(QueuedThreadPool.java:589)
	at java.lang.Thread.run(Thread.java:748)
16:05:43.043 [scala-execution-context-global-507] ERROR io.udash.rpc.AtmosphereService - RPC request handling failed
java.lang.Exception: prossimaCarta in it.lorenzogabriele.impara.shared.rpc.ServicesRPC with arguments [[1]] cannot be handled by raw method call
	at com.avsystem.commons.rpc.RPCFramework$RawRPCUtils.fail(RPCFramework.scala:44)
	at com.avsystem.commons.rpc.RPCFramework$RawRPCUtils.fail$(RPCFramework.scala:42)
	at it.lorenzogabriele.impara.server.jetty.ApplicationServer$$anon$12$$anon$1$$anon$13.fail(ApplicationServer.scala:38)
	at it.lorenzogabriele.impara.server.jetty.ApplicationServer$$anon$12$$anon$1$$anon$13$$anon$3.call(ApplicationServer.scala:38)
	at io.udash.rpc.ExposesServerRPC.handleRpcCall(ExposesServerRPC.scala:24)
	at io.udash.rpc.AtmosphereService.handleRpcRequest(AtmosphereService.scala:182)
	at io.udash.rpc.AtmosphereService.handleRequest(AtmosphereService.scala:122)
	at io.udash.rpc.AtmosphereService.onWebsocketRequest(AtmosphereService.scala:84)
	at io.udash.rpc.AtmosphereService.onRequest(AtmosphereService.scala:64)
	at org.atmosphere.cpr.AsynchronousProcessor.action(AsynchronousProcessor.java:223)
	at org.atmosphere.cpr.AsynchronousProcessor.suspended(AsynchronousProcessor.java:115)
	at org.atmosphere.container.Jetty9AsyncSupportWithWebSocket.service(Jetty9AsyncSupportWithWebSocket.java:180)
	at org.atmosphere.cpr.AtmosphereFramework.doCometSupport(AtmosphereFramework.java:2287)
	at org.atmosphere.websocket.DefaultWebSocketProcessor.dispatch(DefaultWebSocketProcessor.java:593)
	at org.atmosphere.websocket.DefaultWebSocketProcessor$3.run(DefaultWebSocketProcessor.java:345)
	at org.atmosphere.util.VoidExecutorService.execute(VoidExecutorService.java:101)
	at org.atmosphere.websocket.DefaultWebSocketProcessor.dispatch(DefaultWebSocketProcessor.java:340)
	at org.atmosphere.websocket.DefaultWebSocketProcessor.invokeWebSocketProtocol(DefaultWebSocketProcessor.java:447)
	at org.atmosphere.container.Jetty9WebSocketHandler.onWebSocketText(Jetty9WebSocketHandler.java:128)
	at org.eclipse.jetty.websocket.common.events.JettyListenerEventDriver.onTextMessage(JettyListenerEventDriver.java:189)
	at org.eclipse.jetty.websocket.common.message.SimpleTextMessage.messageComplete(SimpleTextMessage.java:69)
	at org.eclipse.jetty.websocket.common.events.AbstractEventDriver.appendMessage(AbstractEventDriver.java:66)
	at org.eclipse.jetty.websocket.common.events.JettyListenerEventDriver.onTextFrame(JettyListenerEventDriver.java:158)
	at org.eclipse.jetty.websocket.common.events.AbstractEventDriver.incomingFrame(AbstractEventDriver.java:162)
	at org.eclipse.jetty.websocket.common.WebSocketSession.incomingFrame(WebSocketSession.java:376)
	at org.eclipse.jetty.websocket.common.extensions.ExtensionStack.incomingFrame(ExtensionStack.java:220)
	at org.eclipse.jetty.websocket.common.Parser.notifyFrame(Parser.java:220)
	at org.eclipse.jetty.websocket.common.Parser.parse(Parser.java:256)
	at org.eclipse.jetty.websocket.common.io.AbstractWebSocketConnection.readParse(AbstractWebSocketConnection.java:679)
	at org.eclipse.jetty.websocket.common.io.AbstractWebSocketConnection.onFillable(AbstractWebSocketConnection.java:511)
	at org.eclipse.jetty.io.AbstractConnection$ReadCallback.succeeded(AbstractConnection.java:273)
	at org.eclipse.jetty.io.FillInterest.fillable(FillInterest.java:95)
	at org.eclipse.jetty.io.SelectChannelEndPoint$2.run(SelectChannelEndPoint.java:93)
	at org.eclipse.jetty.util.thread.strategy.ExecuteProduceConsume.executeProduceConsume(ExecuteProduceConsume.java:303)
	at org.eclipse.jetty.util.thread.strategy.ExecuteProduceConsume.produceConsume(ExecuteProduceConsume.java:148)
	at org.eclipse.jetty.util.thread.strategy.ExecuteProduceConsume.run(ExecuteProduceConsume.java:136)
	at org.eclipse.jetty.util.thread.QueuedThreadPool.runJob(QueuedThreadPool.java:671)
	at org.eclipse.jetty.util.thread.QueuedThreadPool$2.run(QueuedThreadPool.java:589)
	at java.lang.Thread.run(Thread.java:748)
16:06:02.370 [scala-execution-context-global-507] ERROR io.udash.rpc.AtmosphereService - RPC request handling failed
java.lang.Exception: prossimaCarta in it.lorenzogabriele.impara.shared.rpc.ServicesRPC with arguments [[1]] cannot be handled by raw method call
	at com.avsystem.commons.rpc.RPCFramework$RawRPCUtils.fail(RPCFramework.scala:44)
	at com.avsystem.commons.rpc.RPCFramework$RawRPCUtils.fail$(RPCFramework.scala:42)
	at it.lorenzogabriele.impara.server.jetty.ApplicationServer$$anon$12$$anon$1$$anon$13.fail(ApplicationServer.scala:38)
	at it.lorenzogabriele.impara.server.jetty.ApplicationServer$$anon$12$$anon$1$$anon$13$$anon$3.call(ApplicationServer.scala:38)
	at io.udash.rpc.ExposesServerRPC.handleRpcCall(ExposesServerRPC.scala:24)
	at io.udash.rpc.AtmosphereService.handleRpcRequest(AtmosphereService.scala:182)
	at io.udash.rpc.AtmosphereService.handleRequest(AtmosphereService.scala:122)
	at io.udash.rpc.AtmosphereService.onWebsocketRequest(AtmosphereService.scala:84)
	at io.udash.rpc.AtmosphereService.onRequest(AtmosphereService.scala:64)
	at org.atmosphere.cpr.AsynchronousProcessor.action(AsynchronousProcessor.java:223)
	at org.atmosphere.cpr.AsynchronousProcessor.suspended(AsynchronousProcessor.java:115)
	at org.atmosphere.container.Jetty9AsyncSupportWithWebSocket.service(Jetty9AsyncSupportWithWebSocket.java:180)
	at org.atmosphere.cpr.AtmosphereFramework.doCometSupport(AtmosphereFramework.java:2287)
	at org.atmosphere.websocket.DefaultWebSocketProcessor.dispatch(DefaultWebSocketProcessor.java:593)
	at org.atmosphere.websocket.DefaultWebSocketProcessor$3.run(DefaultWebSocketProcessor.java:345)
	at org.atmosphere.util.VoidExecutorService.execute(VoidExecutorService.java:101)
	at org.atmosphere.websocket.DefaultWebSocketProcessor.dispatch(DefaultWebSocketProcessor.java:340)
	at org.atmosphere.websocket.DefaultWebSocketProcessor.invokeWebSocketProtocol(DefaultWebSocketProcessor.java:447)
	at org.atmosphere.container.Jetty9WebSocketHandler.onWebSocketText(Jetty9WebSocketHandler.java:128)
	at org.eclipse.jetty.websocket.common.events.JettyListenerEventDriver.onTextMessage(JettyListenerEventDriver.java:189)
	at org.eclipse.jetty.websocket.common.message.SimpleTextMessage.messageComplete(SimpleTextMessage.java:69)
	at org.eclipse.jetty.websocket.common.events.AbstractEventDriver.appendMessage(AbstractEventDriver.java:66)
	at org.eclipse.jetty.websocket.common.events.JettyListenerEventDriver.onTextFrame(JettyListenerEventDriver.java:158)
	at org.eclipse.jetty.websocket.common.events.AbstractEventDriver.incomingFrame(AbstractEventDriver.java:162)
	at org.eclipse.jetty.websocket.common.WebSocketSession.incomingFrame(WebSocketSession.java:376)
	at org.eclipse.jetty.websocket.common.extensions.ExtensionStack.incomingFrame(ExtensionStack.java:220)
	at org.eclipse.jetty.websocket.common.Parser.notifyFrame(Parser.java:220)
	at org.eclipse.jetty.websocket.common.Parser.parse(Parser.java:256)
	at org.eclipse.jetty.websocket.common.io.AbstractWebSocketConnection.readParse(AbstractWebSocketConnection.java:679)
	at org.eclipse.jetty.websocket.common.io.AbstractWebSocketConnection.onFillable(AbstractWebSocketConnection.java:511)
	at org.eclipse.jetty.io.AbstractConnection$ReadCallback.succeeded(AbstractConnection.java:273)
	at org.eclipse.jetty.io.FillInterest.fillable(FillInterest.java:95)
	at org.eclipse.jetty.io.SelectChannelEndPoint$2.run(SelectChannelEndPoint.java:93)
	at org.eclipse.jetty.util.thread.strategy.ExecuteProduceConsume.executeProduceConsume(ExecuteProduceConsume.java:303)
	at org.eclipse.jetty.util.thread.strategy.ExecuteProduceConsume.produceConsume(ExecuteProduceConsume.java:148)
	at org.eclipse.jetty.util.thread.strategy.ExecuteProduceConsume.run(ExecuteProduceConsume.java:136)
	at org.eclipse.jetty.util.thread.QueuedThreadPool.runJob(QueuedThreadPool.java:671)
	at org.eclipse.jetty.util.thread.QueuedThreadPool$2.run(QueuedThreadPool.java:589)
	at java.lang.Thread.run(Thread.java:748)
16:06:05.163 [scala-execution-context-global-526] ERROR io.udash.rpc.AtmosphereService - RPC request handling failed
java.lang.Exception: prossimaCarta in it.lorenzogabriele.impara.shared.rpc.ServicesRPC with arguments [[1]] cannot be handled by raw method call
	at com.avsystem.commons.rpc.RPCFramework$RawRPCUtils.fail(RPCFramework.scala:44)
	at com.avsystem.commons.rpc.RPCFramework$RawRPCUtils.fail$(RPCFramework.scala:42)
	at it.lorenzogabriele.impara.server.jetty.ApplicationServer$$anon$12$$anon$1$$anon$13.fail(ApplicationServer.scala:38)
	at it.lorenzogabriele.impara.server.jetty.ApplicationServer$$anon$12$$anon$1$$anon$13$$anon$3.call(ApplicationServer.scala:38)
	at io.udash.rpc.ExposesServerRPC.handleRpcCall(ExposesServerRPC.scala:24)
	at io.udash.rpc.AtmosphereService.handleRpcRequest(AtmosphereService.scala:182)
	at io.udash.rpc.AtmosphereService.handleRequest(AtmosphereService.scala:122)
	at io.udash.rpc.AtmosphereService.onWebsocketRequest(AtmosphereService.scala:84)
	at io.udash.rpc.AtmosphereService.onRequest(AtmosphereService.scala:64)
	at org.atmosphere.cpr.AsynchronousProcessor.action(AsynchronousProcessor.java:223)
	at org.atmosphere.cpr.AsynchronousProcessor.suspended(AsynchronousProcessor.java:115)
	at org.atmosphere.container.Jetty9AsyncSupportWithWebSocket.service(Jetty9AsyncSupportWithWebSocket.java:180)
	at org.atmosphere.cpr.AtmosphereFramework.doCometSupport(AtmosphereFramework.java:2287)
	at org.atmosphere.websocket.DefaultWebSocketProcessor.dispatch(DefaultWebSocketProcessor.java:593)
	at org.atmosphere.websocket.DefaultWebSocketProcessor$3.run(DefaultWebSocketProcessor.java:345)
	at org.atmosphere.util.VoidExecutorService.execute(VoidExecutorService.java:101)
	at org.atmosphere.websocket.DefaultWebSocketProcessor.dispatch(DefaultWebSocketProcessor.java:340)
	at org.atmosphere.websocket.DefaultWebSocketProcessor.invokeWebSocketProtocol(DefaultWebSocketProcessor.java:447)
	at org.atmosphere.container.Jetty9WebSocketHandler.onWebSocketText(Jetty9WebSocketHandler.java:128)
	at org.eclipse.jetty.websocket.common.events.JettyListenerEventDriver.onTextMessage(JettyListenerEventDriver.java:189)
	at org.eclipse.jetty.websocket.common.message.SimpleTextMessage.messageComplete(SimpleTextMessage.java:69)
	at org.eclipse.jetty.websocket.common.events.AbstractEventDriver.appendMessage(AbstractEventDriver.java:66)
	at org.eclipse.jetty.websocket.common.events.JettyListenerEventDriver.onTextFrame(JettyListenerEventDriver.java:158)
	at org.eclipse.jetty.websocket.common.events.AbstractEventDriver.incomingFrame(AbstractEventDriver.java:162)
	at org.eclipse.jetty.websocket.common.WebSocketSession.incomingFrame(WebSocketSession.java:376)
	at org.eclipse.jetty.websocket.common.extensions.ExtensionStack.incomingFrame(ExtensionStack.java:220)
	at org.eclipse.jetty.websocket.common.Parser.notifyFrame(Parser.java:220)
	at org.eclipse.jetty.websocket.common.Parser.parse(Parser.java:256)
	at org.eclipse.jetty.websocket.common.io.AbstractWebSocketConnection.readParse(AbstractWebSocketConnection.java:679)
	at org.eclipse.jetty.websocket.common.io.AbstractWebSocketConnection.onFillable(AbstractWebSocketConnection.java:511)
	at org.eclipse.jetty.io.AbstractConnection$ReadCallback.succeeded(AbstractConnection.java:273)
	at org.eclipse.jetty.io.FillInterest.fillable(FillInterest.java:95)
	at org.eclipse.jetty.io.SelectChannelEndPoint$2.run(SelectChannelEndPoint.java:93)
	at org.eclipse.jetty.util.thread.strategy.ExecuteProduceConsume.executeProduceConsume(ExecuteProduceConsume.java:303)
	at org.eclipse.jetty.util.thread.strategy.ExecuteProduceConsume.produceConsume(ExecuteProduceConsume.java:148)
	at org.eclipse.jetty.util.thread.strategy.ExecuteProduceConsume.run(ExecuteProduceConsume.java:136)
	at org.eclipse.jetty.util.thread.QueuedThreadPool.runJob(QueuedThreadPool.java:671)
	at org.eclipse.jetty.util.thread.QueuedThreadPool$2.run(QueuedThreadPool.java:589)
	at java.lang.Thread.run(Thread.java:748)
16:06:07.244 [scala-execution-context-global-531] ERROR io.udash.rpc.AtmosphereService - RPC request handling failed
java.lang.Exception: prossimaCarta in it.lorenzogabriele.impara.shared.rpc.ServicesRPC with arguments [[1]] cannot be handled by raw method call
	at com.avsystem.commons.rpc.RPCFramework$RawRPCUtils.fail(RPCFramework.scala:44)
	at com.avsystem.commons.rpc.RPCFramework$RawRPCUtils.fail$(RPCFramework.scala:42)
	at it.lorenzogabriele.impara.server.jetty.ApplicationServer$$anon$12$$anon$1$$anon$13.fail(ApplicationServer.scala:38)
	at it.lorenzogabriele.impara.server.jetty.ApplicationServer$$anon$12$$anon$1$$anon$13$$anon$3.call(ApplicationServer.scala:38)
	at io.udash.rpc.ExposesServerRPC.handleRpcCall(ExposesServerRPC.scala:24)
	at io.udash.rpc.AtmosphereService.handleRpcRequest(AtmosphereService.scala:182)
	at io.udash.rpc.AtmosphereService.handleRequest(AtmosphereService.scala:122)
	at io.udash.rpc.AtmosphereService.onWebsocketRequest(AtmosphereService.scala:84)
	at io.udash.rpc.AtmosphereService.onRequest(AtmosphereService.scala:64)
	at org.atmosphere.cpr.AsynchronousProcessor.action(AsynchronousProcessor.java:223)
	at org.atmosphere.cpr.AsynchronousProcessor.suspended(AsynchronousProcessor.java:115)
	at org.atmosphere.container.Jetty9AsyncSupportWithWebSocket.service(Jetty9AsyncSupportWithWebSocket.java:180)
	at org.atmosphere.cpr.AtmosphereFramework.doCometSupport(AtmosphereFramework.java:2287)
	at org.atmosphere.websocket.DefaultWebSocketProcessor.dispatch(DefaultWebSocketProcessor.java:593)
	at org.atmosphere.websocket.DefaultWebSocketProcessor$3.run(DefaultWebSocketProcessor.java:345)
	at org.atmosphere.util.VoidExecutorService.execute(VoidExecutorService.java:101)
	at org.atmosphere.websocket.DefaultWebSocketProcessor.dispatch(DefaultWebSocketProcessor.java:340)
	at org.atmosphere.websocket.DefaultWebSocketProcessor.invokeWebSocketProtocol(DefaultWebSocketProcessor.java:447)
	at org.atmosphere.container.Jetty9WebSocketHandler.onWebSocketText(Jetty9WebSocketHandler.java:128)
	at org.eclipse.jetty.websocket.common.events.JettyListenerEventDriver.onTextMessage(JettyListenerEventDriver.java:189)
	at org.eclipse.jetty.websocket.common.message.SimpleTextMessage.messageComplete(SimpleTextMessage.java:69)
	at org.eclipse.jetty.websocket.common.events.AbstractEventDriver.appendMessage(AbstractEventDriver.java:66)
	at org.eclipse.jetty.websocket.common.events.JettyListenerEventDriver.onTextFrame(JettyListenerEventDriver.java:158)
	at org.eclipse.jetty.websocket.common.events.AbstractEventDriver.incomingFrame(AbstractEventDriver.java:162)
	at org.eclipse.jetty.websocket.common.WebSocketSession.incomingFrame(WebSocketSession.java:376)
	at org.eclipse.jetty.websocket.common.extensions.ExtensionStack.incomingFrame(ExtensionStack.java:220)
	at org.eclipse.jetty.websocket.common.Parser.notifyFrame(Parser.java:220)
	at org.eclipse.jetty.websocket.common.Parser.parse(Parser.java:256)
	at org.eclipse.jetty.websocket.common.io.AbstractWebSocketConnection.readParse(AbstractWebSocketConnection.java:679)
	at org.eclipse.jetty.websocket.common.io.AbstractWebSocketConnection.onFillable(AbstractWebSocketConnection.java:511)
	at org.eclipse.jetty.io.AbstractConnection$ReadCallback.succeeded(AbstractConnection.java:273)
	at org.eclipse.jetty.io.FillInterest.fillable(FillInterest.java:95)
	at org.eclipse.jetty.io.SelectChannelEndPoint$2.run(SelectChannelEndPoint.java:93)
	at org.eclipse.jetty.util.thread.strategy.ExecuteProduceConsume.executeProduceConsume(ExecuteProduceConsume.java:303)
	at org.eclipse.jetty.util.thread.strategy.ExecuteProduceConsume.produceConsume(ExecuteProduceConsume.java:148)
	at org.eclipse.jetty.util.thread.strategy.ExecuteProduceConsume.run(ExecuteProduceConsume.java:136)
	at org.eclipse.jetty.util.thread.QueuedThreadPool.runJob(QueuedThreadPool.java:671)
	at org.eclipse.jetty.util.thread.QueuedThreadPool$2.run(QueuedThreadPool.java:589)
	at java.lang.Thread.run(Thread.java:748)
16:06:21.170 [scala-execution-context-global-532] ERROR io.udash.rpc.AtmosphereService - RPC request handling failed
java.lang.Exception: prossimaCarta in it.lorenzogabriele.impara.shared.rpc.ServicesRPC with arguments [[1]] cannot be handled by raw method call
	at com.avsystem.commons.rpc.RPCFramework$RawRPCUtils.fail(RPCFramework.scala:44)
	at com.avsystem.commons.rpc.RPCFramework$RawRPCUtils.fail$(RPCFramework.scala:42)
	at it.lorenzogabriele.impara.server.jetty.ApplicationServer$$anon$12$$anon$1$$anon$13.fail(ApplicationServer.scala:38)
	at it.lorenzogabriele.impara.server.jetty.ApplicationServer$$anon$12$$anon$1$$anon$13$$anon$3.call(ApplicationServer.scala:38)
	at io.udash.rpc.ExposesServerRPC.handleRpcCall(ExposesServerRPC.scala:24)
	at io.udash.rpc.AtmosphereService.handleRpcRequest(AtmosphereService.scala:182)
	at io.udash.rpc.AtmosphereService.handleRequest(AtmosphereService.scala:122)
	at io.udash.rpc.AtmosphereService.onWebsocketRequest(AtmosphereService.scala:84)
	at io.udash.rpc.AtmosphereService.onRequest(AtmosphereService.scala:64)
	at org.atmosphere.cpr.AsynchronousProcessor.action(AsynchronousProcessor.java:223)
	at org.atmosphere.cpr.AsynchronousProcessor.suspended(AsynchronousProcessor.java:115)
	at org.atmosphere.container.Jetty9AsyncSupportWithWebSocket.service(Jetty9AsyncSupportWithWebSocket.java:180)
	at org.atmosphere.cpr.AtmosphereFramework.doCometSupport(AtmosphereFramework.java:2287)
	at org.atmosphere.websocket.DefaultWebSocketProcessor.dispatch(DefaultWebSocketProcessor.java:593)
	at org.atmosphere.websocket.DefaultWebSocketProcessor$3.run(DefaultWebSocketProcessor.java:345)
	at org.atmosphere.util.VoidExecutorService.execute(VoidExecutorService.java:101)
	at org.atmosphere.websocket.DefaultWebSocketProcessor.dispatch(DefaultWebSocketProcessor.java:340)
	at org.atmosphere.websocket.DefaultWebSocketProcessor.invokeWebSocketProtocol(DefaultWebSocketProcessor.java:447)
	at org.atmosphere.container.Jetty9WebSocketHandler.onWebSocketText(Jetty9WebSocketHandler.java:128)
	at org.eclipse.jetty.websocket.common.events.JettyListenerEventDriver.onTextMessage(JettyListenerEventDriver.java:189)
	at org.eclipse.jetty.websocket.common.message.SimpleTextMessage.messageComplete(SimpleTextMessage.java:69)
	at org.eclipse.jetty.websocket.common.events.AbstractEventDriver.appendMessage(AbstractEventDriver.java:66)
	at org.eclipse.jetty.websocket.common.events.JettyListenerEventDriver.onTextFrame(JettyListenerEventDriver.java:158)
	at org.eclipse.jetty.websocket.common.events.AbstractEventDriver.incomingFrame(AbstractEventDriver.java:162)
	at org.eclipse.jetty.websocket.common.WebSocketSession.incomingFrame(WebSocketSession.java:376)
	at org.eclipse.jetty.websocket.common.extensions.ExtensionStack.incomingFrame(ExtensionStack.java:220)
	at org.eclipse.jetty.websocket.common.Parser.notifyFrame(Parser.java:220)
	at org.eclipse.jetty.websocket.common.Parser.parse(Parser.java:256)
	at org.eclipse.jetty.websocket.common.io.AbstractWebSocketConnection.readParse(AbstractWebSocketConnection.java:679)
	at org.eclipse.jetty.websocket.common.io.AbstractWebSocketConnection.onFillable(AbstractWebSocketConnection.java:511)
	at org.eclipse.jetty.io.AbstractConnection$ReadCallback.succeeded(AbstractConnection.java:273)
	at org.eclipse.jetty.io.FillInterest.fillable(FillInterest.java:95)
	at org.eclipse.jetty.io.SelectChannelEndPoint$2.run(SelectChannelEndPoint.java:93)
	at org.eclipse.jetty.util.thread.strategy.ExecuteProduceConsume.executeProduceConsume(ExecuteProduceConsume.java:303)
	at org.eclipse.jetty.util.thread.strategy.ExecuteProduceConsume.produceConsume(ExecuteProduceConsume.java:148)
	at org.eclipse.jetty.util.thread.strategy.ExecuteProduceConsume.run(ExecuteProduceConsume.java:136)
	at org.eclipse.jetty.util.thread.QueuedThreadPool.runJob(QueuedThreadPool.java:671)
	at org.eclipse.jetty.util.thread.QueuedThreadPool$2.run(QueuedThreadPool.java:589)
	at java.lang.Thread.run(Thread.java:748)
