13:23:12.642 [run-main-0] INFO  org.eclipse.jetty.util.log - Logging initialized @14991ms
13:23:13.208 [run-main-0] INFO  o.atmosphere.cpr.AtmosphereFramework - Installed AtmosphereHandler io.udash.rpc.AtmosphereService mapped to context-path: /*
13:23:13.208 [run-main-0] INFO  o.atmosphere.cpr.AtmosphereFramework - Installed the following AtmosphereInterceptor mapped to AtmosphereHandler io.udash.rpc.AtmosphereService
13:23:13.222 [run-main-0] WARN  o.atmosphere.cpr.AtmosphereFramework - SessionSupport error. Make sure you also define org.atmosphere.cpr.SessionSupport as a listener in web.xml, see https://github.com/Atmosphere/atmosphere/wiki/Enabling-HttpSession-Support
13:23:13.247 [run-main-0] INFO  o.atmosphere.cpr.AtmosphereFramework - Atmosphere is using org.atmosphere.cpr.DefaultAnnotationProcessor for processing annotation
13:23:13.247 [run-main-0] INFO  o.a.cpr.DefaultAnnotationProcessor - AnnotationProcessor class org.atmosphere.cpr.DefaultAnnotationProcessor$BytecodeBasedAnnotationProcessor being used
13:23:13.281 [run-main-0] INFO  o.atmosphere.cpr.AtmosphereFramework - Auto detecting WebSocketHandler in /WEB-INF/classes/
13:23:13.282 [run-main-0] INFO  o.atmosphere.cpr.AtmosphereFramework - Installed WebSocketProtocol org.atmosphere.websocket.protocol.SimpleHttpProtocol 
13:23:13.324 [run-main-0] INFO  o.atmosphere.cpr.AtmosphereFramework - Installing Default AtmosphereInterceptors
13:23:13.325 [run-main-0] INFO  o.atmosphere.cpr.AtmosphereFramework - 	org.atmosphere.interceptor.CorsInterceptor : CORS Interceptor Support
13:23:13.325 [run-main-0] INFO  o.atmosphere.cpr.AtmosphereFramework - 	org.atmosphere.interceptor.CacheHeadersInterceptor : Default Response's Headers Interceptor
13:23:13.325 [run-main-0] INFO  o.atmosphere.cpr.AtmosphereFramework - 	org.atmosphere.interceptor.PaddingAtmosphereInterceptor : Browser Padding Interceptor Support
13:23:13.326 [run-main-0] INFO  o.atmosphere.cpr.AtmosphereFramework - 	org.atmosphere.interceptor.AndroidAtmosphereInterceptor : Android Interceptor Support
13:23:13.326 [run-main-0] INFO  o.atmosphere.cpr.AtmosphereFramework - 	org.atmosphere.interceptor.HeartbeatInterceptor : Heartbeat Interceptor Support
13:23:13.327 [run-main-0] INFO  o.atmosphere.cpr.AtmosphereFramework - 	org.atmosphere.interceptor.SSEAtmosphereInterceptor : SSE Interceptor Support
13:23:13.327 [run-main-0] INFO  o.atmosphere.cpr.AtmosphereFramework - 	org.atmosphere.interceptor.JSONPAtmosphereInterceptor : JSONP Interceptor Support
13:23:13.328 [run-main-0] INFO  o.atmosphere.cpr.AtmosphereFramework - 	org.atmosphere.interceptor.JavaScriptProtocol : Atmosphere JavaScript Protocol
13:23:13.328 [run-main-0] INFO  o.atmosphere.cpr.AtmosphereFramework - 	org.atmosphere.interceptor.WebSocketMessageSuspendInterceptor : org.atmosphere.interceptor.WebSocketMessageSuspendInterceptor
13:23:13.328 [run-main-0] INFO  o.atmosphere.cpr.AtmosphereFramework - 	org.atmosphere.interceptor.OnDisconnectInterceptor : Browser disconnection detection
13:23:13.329 [run-main-0] INFO  o.atmosphere.cpr.AtmosphereFramework - 	org.atmosphere.interceptor.IdleResourceInterceptor : org.atmosphere.interceptor.IdleResourceInterceptor
13:23:13.329 [run-main-0] INFO  o.atmosphere.cpr.AtmosphereFramework - Set org.atmosphere.cpr.AtmosphereInterceptor.disableDefaults to disable them.
13:23:13.329 [run-main-0] INFO  o.atmosphere.cpr.AtmosphereFramework - Installed AtmosphereInterceptor CORS Interceptor Support with priority FIRST_BEFORE_DEFAULT 
13:23:13.333 [run-main-0] INFO  o.atmosphere.cpr.AtmosphereFramework - Installed AtmosphereInterceptor Default Response's Headers Interceptor with priority AFTER_DEFAULT 
13:23:13.333 [run-main-0] INFO  o.atmosphere.cpr.AtmosphereFramework - Installed AtmosphereInterceptor Browser Padding Interceptor Support with priority AFTER_DEFAULT 
13:23:13.333 [run-main-0] INFO  o.atmosphere.cpr.AtmosphereFramework - Installed AtmosphereInterceptor Android Interceptor Support with priority AFTER_DEFAULT 
13:23:13.334 [run-main-0] INFO  o.a.interceptor.HeartbeatInterceptor - HeartbeatInterceptor configured with padding value 'X', client frequency 30 seconds and server frequency 30 seconds
13:23:13.334 [run-main-0] INFO  o.atmosphere.cpr.AtmosphereFramework - Installed AtmosphereInterceptor Heartbeat Interceptor Support with priority AFTER_DEFAULT 
13:23:13.334 [run-main-0] INFO  o.atmosphere.cpr.AtmosphereFramework - Installed AtmosphereInterceptor SSE Interceptor Support with priority AFTER_DEFAULT 
13:23:13.334 [run-main-0] INFO  o.atmosphere.cpr.AtmosphereFramework - Installed AtmosphereInterceptor JSONP Interceptor Support with priority AFTER_DEFAULT 
13:23:13.334 [run-main-0] INFO  o.atmosphere.cpr.AtmosphereFramework - Installed AtmosphereInterceptor Atmosphere JavaScript Protocol with priority AFTER_DEFAULT 
13:23:13.334 [run-main-0] INFO  o.atmosphere.cpr.AtmosphereFramework - Installed AtmosphereInterceptor org.atmosphere.interceptor.WebSocketMessageSuspendInterceptor with priority AFTER_DEFAULT 
13:23:13.334 [run-main-0] INFO  o.atmosphere.cpr.AtmosphereFramework - Installed AtmosphereInterceptor Browser disconnection detection with priority AFTER_DEFAULT 
13:23:13.334 [run-main-0] INFO  o.atmosphere.cpr.AtmosphereFramework - Installed AtmosphereInterceptor org.atmosphere.interceptor.IdleResourceInterceptor with priority BEFORE_DEFAULT 
13:23:13.335 [run-main-0] INFO  o.atmosphere.cpr.AtmosphereFramework - Using EndpointMapper class org.atmosphere.util.DefaultEndpointMapper
13:23:13.336 [run-main-0] WARN  o.atmosphere.cpr.AtmosphereFramework - No BroadcasterCache configured. Broadcasted message between client reconnection will be LOST. It is recommended to configure the org.atmosphere.cache.UUIDBroadcasterCache
13:23:13.336 [run-main-0] INFO  o.atmosphere.cpr.AtmosphereFramework - Default Broadcaster Class: org.atmosphere.cpr.DefaultBroadcaster
13:23:13.336 [run-main-0] INFO  o.atmosphere.cpr.AtmosphereFramework - Broadcaster Shared List Resources: false
13:23:13.336 [run-main-0] INFO  o.atmosphere.cpr.AtmosphereFramework - Broadcaster Polling Wait Time 100
13:23:13.336 [run-main-0] INFO  o.atmosphere.cpr.AtmosphereFramework - Shared ExecutorService supported: true
13:23:13.336 [run-main-0] INFO  o.atmosphere.cpr.AtmosphereFramework - Messaging Thread Pool Size: 4
13:23:13.336 [run-main-0] INFO  o.atmosphere.cpr.AtmosphereFramework - Async I/O Thread Pool Size: 4
13:23:13.336 [run-main-0] INFO  o.atmosphere.cpr.AtmosphereFramework - Using BroadcasterFactory: org.atmosphere.cpr.DefaultBroadcasterFactory
13:23:13.336 [run-main-0] INFO  o.atmosphere.cpr.AtmosphereFramework - Using AtmosphereResurceFactory: org.atmosphere.cpr.DefaultAtmosphereResourceFactory
13:23:13.337 [run-main-0] INFO  o.atmosphere.cpr.AtmosphereFramework - Using WebSocketProcessor: org.atmosphere.websocket.DefaultWebSocketProcessor
13:23:13.337 [run-main-0] INFO  o.atmosphere.cpr.AtmosphereFramework - Invoke AtmosphereInterceptor on WebSocket message true
13:23:13.337 [run-main-0] INFO  o.atmosphere.cpr.AtmosphereFramework - HttpSession supported: true
13:23:13.337 [run-main-0] INFO  o.atmosphere.cpr.AtmosphereFramework - Atmosphere is using DefaultAtmosphereObjectFactory for dependency injection and object creation
13:23:13.337 [run-main-0] INFO  o.atmosphere.cpr.AtmosphereFramework - Atmosphere is using async support: org.atmosphere.container.Jetty9AsyncSupportWithWebSocket running under container: Undefined/0.0 with WebSocket enabled.
13:23:13.338 [run-main-0] INFO  o.atmosphere.cpr.AtmosphereFramework - Atmosphere Framework 2.4.9 started.
13:23:13.338 [run-main-0] INFO  o.atmosphere.cpr.AtmosphereFramework - 

	For Atmosphere Framework Commercial Support, visit 
	http://www.async-io.org/ or send an email to support@async-io.org

13:23:13.342 [run-main-0] INFO  org.eclipse.jetty.server.Server - jetty-9.3.11.v20160721
13:23:13.384 [run-main-0] INFO  o.e.j.server.handler.ContextHandler - Started o.e.j.s.ServletContextHandler@18b7aba7{/,null,AVAILABLE}
13:23:13.390 [run-main-0] INFO  o.e.jetty.server.AbstractConnector - Started ServerConnector@10cf42e{HTTP/1.1,[http/1.1]}{0.0.0.0:8080}
13:23:13.391 [run-main-0] INFO  org.eclipse.jetty.server.Server - Started @15743ms
13:23:13.863 [Thread-2] INFO  o.atmosphere.cpr.AtmosphereFramework - Latest version of Atmosphere's JavaScript Client 2.3.5
13:25:18.130 [scala-execution-context-global-93] ERROR io.udash.rpc.AtmosphereService - RPC request handling failed
java.lang.Exception: null
	at it.lorenzogabriele.impara.server.rpc.MainServerRPCImpl.services(ExposedRpcInterfaces.scala:35)
	at it.lorenzogabriele.impara.server.jetty.ApplicationServer$$anon$12$$anon$1.get(ApplicationServer.scala:41)
	at it.lorenzogabriele.impara.server.jetty.ApplicationServer$$anon$12$$anon$1.get(ApplicationServer.scala:41)
	at com.avsystem.commons.rpc.GetterRPCFramework$GetterRawRPC.$anonfun$resolveGetterChain$1(StandardRPCFramework.scala:50)
	at scala.collection.immutable.List.$anonfun$foldRight$1(List.scala:405)
	at scala.collection.immutable.List.foldRight(List.scala:86)
	at com.avsystem.commons.rpc.GetterRPCFramework$GetterRawRPC.resolveGetterChain(StandardRPCFramework.scala:50)
	at com.avsystem.commons.rpc.GetterRPCFramework$GetterRawRPC.resolveGetterChain$(StandardRPCFramework.scala:49)
	at it.lorenzogabriele.impara.server.jetty.ApplicationServer$$anon$12$$anon$1.resolveGetterChain(ApplicationServer.scala:41)
	at io.udash.rpc.ExposesServerRPC.handleRpcCall(ExposesServerRPC.scala:23)
	at io.udash.rpc.AtmosphereService.handleRpcRequest(AtmosphereService.scala:182)
	at io.udash.rpc.AtmosphereService.handleRequest(AtmosphereService.scala:122)
	at io.udash.rpc.AtmosphereService.onWebsocketRequest(AtmosphereService.scala:84)
	at io.udash.rpc.AtmosphereService.onRequest(AtmosphereService.scala:64)
	at org.atmosphere.cpr.AsynchronousProcessor.action(AsynchronousProcessor.java:223)
	at org.atmosphere.cpr.AsynchronousProcessor.suspended(AsynchronousProcessor.java:115)
	at org.atmosphere.container.Jetty9AsyncSupportWithWebSocket.service(Jetty9AsyncSupportWithWebSocket.java:180)
	at org.atmosphere.cpr.AtmosphereFramework.doCometSupport(AtmosphereFramework.java:2287)
	at org.atmosphere.websocket.DefaultWebSocketProcessor.dispatch(DefaultWebSocketProcessor.java:593)
	at org.atmosphere.websocket.DefaultWebSocketProcessor$3.run(DefaultWebSocketProcessor.java:345)
	at org.atmosphere.util.VoidExecutorService.execute(VoidExecutorService.java:101)
	at org.atmosphere.websocket.DefaultWebSocketProcessor.dispatch(DefaultWebSocketProcessor.java:340)
	at org.atmosphere.websocket.DefaultWebSocketProcessor.invokeWebSocketProtocol(DefaultWebSocketProcessor.java:447)
	at org.atmosphere.container.Jetty9WebSocketHandler.onWebSocketText(Jetty9WebSocketHandler.java:128)
	at org.eclipse.jetty.websocket.common.events.JettyListenerEventDriver.onTextMessage(JettyListenerEventDriver.java:189)
	at org.eclipse.jetty.websocket.common.message.SimpleTextMessage.messageComplete(SimpleTextMessage.java:69)
	at org.eclipse.jetty.websocket.common.events.AbstractEventDriver.appendMessage(AbstractEventDriver.java:66)
	at org.eclipse.jetty.websocket.common.events.JettyListenerEventDriver.onTextFrame(JettyListenerEventDriver.java:158)
	at org.eclipse.jetty.websocket.common.events.AbstractEventDriver.incomingFrame(AbstractEventDriver.java:162)
	at org.eclipse.jetty.websocket.common.WebSocketSession.incomingFrame(WebSocketSession.java:376)
	at org.eclipse.jetty.websocket.common.extensions.ExtensionStack.incomingFrame(ExtensionStack.java:220)
	at org.eclipse.jetty.websocket.common.Parser.notifyFrame(Parser.java:220)
	at org.eclipse.jetty.websocket.common.Parser.parse(Parser.java:256)
	at org.eclipse.jetty.websocket.common.io.AbstractWebSocketConnection.readParse(AbstractWebSocketConnection.java:679)
	at org.eclipse.jetty.websocket.common.io.AbstractWebSocketConnection.onFillable(AbstractWebSocketConnection.java:511)
	at org.eclipse.jetty.io.AbstractConnection$ReadCallback.succeeded(AbstractConnection.java:273)
	at org.eclipse.jetty.io.FillInterest.fillable(FillInterest.java:95)
	at org.eclipse.jetty.io.SelectChannelEndPoint$2.run(SelectChannelEndPoint.java:93)
	at org.eclipse.jetty.util.thread.strategy.ExecuteProduceConsume.executeProduceConsume(ExecuteProduceConsume.java:303)
	at org.eclipse.jetty.util.thread.strategy.ExecuteProduceConsume.produceConsume(ExecuteProduceConsume.java:148)
	at org.eclipse.jetty.util.thread.strategy.ExecuteProduceConsume.run(ExecuteProduceConsume.java:136)
	at org.eclipse.jetty.util.thread.QueuedThreadPool.runJob(QueuedThreadPool.java:671)
	at org.eclipse.jetty.util.thread.QueuedThreadPool$2.run(QueuedThreadPool.java:589)
	at java.lang.Thread.run(Thread.java:748)
13:25:23.837 [scala-execution-context-global-93] ERROR io.udash.rpc.AtmosphereService - RPC request handling failed
java.lang.Exception: null
	at it.lorenzogabriele.impara.server.rpc.MainServerRPCImpl.services(ExposedRpcInterfaces.scala:35)
	at it.lorenzogabriele.impara.server.jetty.ApplicationServer$$anon$12$$anon$1.get(ApplicationServer.scala:41)
	at it.lorenzogabriele.impara.server.jetty.ApplicationServer$$anon$12$$anon$1.get(ApplicationServer.scala:41)
	at com.avsystem.commons.rpc.GetterRPCFramework$GetterRawRPC.$anonfun$resolveGetterChain$1(StandardRPCFramework.scala:50)
	at scala.collection.immutable.List.$anonfun$foldRight$1(List.scala:405)
	at scala.collection.immutable.List.foldRight(List.scala:86)
	at com.avsystem.commons.rpc.GetterRPCFramework$GetterRawRPC.resolveGetterChain(StandardRPCFramework.scala:50)
	at com.avsystem.commons.rpc.GetterRPCFramework$GetterRawRPC.resolveGetterChain$(StandardRPCFramework.scala:49)
	at it.lorenzogabriele.impara.server.jetty.ApplicationServer$$anon$12$$anon$1.resolveGetterChain(ApplicationServer.scala:41)
	at io.udash.rpc.ExposesServerRPC.handleRpcCall(ExposesServerRPC.scala:23)
	at io.udash.rpc.AtmosphereService.handleRpcRequest(AtmosphereService.scala:182)
	at io.udash.rpc.AtmosphereService.handleRequest(AtmosphereService.scala:122)
	at io.udash.rpc.AtmosphereService.onWebsocketRequest(AtmosphereService.scala:84)
	at io.udash.rpc.AtmosphereService.onRequest(AtmosphereService.scala:64)
	at org.atmosphere.cpr.AsynchronousProcessor.action(AsynchronousProcessor.java:223)
	at org.atmosphere.cpr.AsynchronousProcessor.suspended(AsynchronousProcessor.java:115)
	at org.atmosphere.container.Jetty9AsyncSupportWithWebSocket.service(Jetty9AsyncSupportWithWebSocket.java:180)
	at org.atmosphere.cpr.AtmosphereFramework.doCometSupport(AtmosphereFramework.java:2287)
	at org.atmosphere.websocket.DefaultWebSocketProcessor.dispatch(DefaultWebSocketProcessor.java:593)
	at org.atmosphere.websocket.DefaultWebSocketProcessor$3.run(DefaultWebSocketProcessor.java:345)
	at org.atmosphere.util.VoidExecutorService.execute(VoidExecutorService.java:101)
	at org.atmosphere.websocket.DefaultWebSocketProcessor.dispatch(DefaultWebSocketProcessor.java:340)
	at org.atmosphere.websocket.DefaultWebSocketProcessor.invokeWebSocketProtocol(DefaultWebSocketProcessor.java:447)
	at org.atmosphere.container.Jetty9WebSocketHandler.onWebSocketText(Jetty9WebSocketHandler.java:128)
	at org.eclipse.jetty.websocket.common.events.JettyListenerEventDriver.onTextMessage(JettyListenerEventDriver.java:189)
	at org.eclipse.jetty.websocket.common.message.SimpleTextMessage.messageComplete(SimpleTextMessage.java:69)
	at org.eclipse.jetty.websocket.common.events.AbstractEventDriver.appendMessage(AbstractEventDriver.java:66)
	at org.eclipse.jetty.websocket.common.events.JettyListenerEventDriver.onTextFrame(JettyListenerEventDriver.java:158)
	at org.eclipse.jetty.websocket.common.events.AbstractEventDriver.incomingFrame(AbstractEventDriver.java:162)
	at org.eclipse.jetty.websocket.common.WebSocketSession.incomingFrame(WebSocketSession.java:376)
	at org.eclipse.jetty.websocket.common.extensions.ExtensionStack.incomingFrame(ExtensionStack.java:220)
	at org.eclipse.jetty.websocket.common.Parser.notifyFrame(Parser.java:220)
	at org.eclipse.jetty.websocket.common.Parser.parse(Parser.java:256)
	at org.eclipse.jetty.websocket.common.io.AbstractWebSocketConnection.readParse(AbstractWebSocketConnection.java:679)
	at org.eclipse.jetty.websocket.common.io.AbstractWebSocketConnection.onFillable(AbstractWebSocketConnection.java:511)
	at org.eclipse.jetty.io.AbstractConnection$ReadCallback.succeeded(AbstractConnection.java:273)
	at org.eclipse.jetty.io.FillInterest.fillable(FillInterest.java:95)
	at org.eclipse.jetty.io.SelectChannelEndPoint$2.run(SelectChannelEndPoint.java:93)
	at org.eclipse.jetty.util.thread.strategy.ExecuteProduceConsume.executeProduceConsume(ExecuteProduceConsume.java:303)
	at org.eclipse.jetty.util.thread.strategy.ExecuteProduceConsume.produceConsume(ExecuteProduceConsume.java:148)
	at org.eclipse.jetty.util.thread.strategy.ExecuteProduceConsume.run(ExecuteProduceConsume.java:136)
	at org.eclipse.jetty.util.thread.QueuedThreadPool.runJob(QueuedThreadPool.java:671)
	at org.eclipse.jetty.util.thread.QueuedThreadPool$2.run(QueuedThreadPool.java:589)
	at java.lang.Thread.run(Thread.java:748)
13:25:24.020 [scala-execution-context-global-93] ERROR io.udash.rpc.AtmosphereService - RPC request handling failed
java.lang.Exception: null
	at it.lorenzogabriele.impara.server.rpc.MainServerRPCImpl.services(ExposedRpcInterfaces.scala:35)
	at it.lorenzogabriele.impara.server.jetty.ApplicationServer$$anon$12$$anon$1.get(ApplicationServer.scala:41)
	at it.lorenzogabriele.impara.server.jetty.ApplicationServer$$anon$12$$anon$1.get(ApplicationServer.scala:41)
	at com.avsystem.commons.rpc.GetterRPCFramework$GetterRawRPC.$anonfun$resolveGetterChain$1(StandardRPCFramework.scala:50)
	at scala.collection.immutable.List.$anonfun$foldRight$1(List.scala:405)
	at scala.collection.immutable.List.foldRight(List.scala:86)
	at com.avsystem.commons.rpc.GetterRPCFramework$GetterRawRPC.resolveGetterChain(StandardRPCFramework.scala:50)
	at com.avsystem.commons.rpc.GetterRPCFramework$GetterRawRPC.resolveGetterChain$(StandardRPCFramework.scala:49)
	at it.lorenzogabriele.impara.server.jetty.ApplicationServer$$anon$12$$anon$1.resolveGetterChain(ApplicationServer.scala:41)
	at io.udash.rpc.ExposesServerRPC.handleRpcCall(ExposesServerRPC.scala:23)
	at io.udash.rpc.AtmosphereService.handleRpcRequest(AtmosphereService.scala:182)
	at io.udash.rpc.AtmosphereService.handleRequest(AtmosphereService.scala:122)
	at io.udash.rpc.AtmosphereService.onWebsocketRequest(AtmosphereService.scala:84)
	at io.udash.rpc.AtmosphereService.onRequest(AtmosphereService.scala:64)
	at org.atmosphere.cpr.AsynchronousProcessor.action(AsynchronousProcessor.java:223)
	at org.atmosphere.cpr.AsynchronousProcessor.suspended(AsynchronousProcessor.java:115)
	at org.atmosphere.container.Jetty9AsyncSupportWithWebSocket.service(Jetty9AsyncSupportWithWebSocket.java:180)
	at org.atmosphere.cpr.AtmosphereFramework.doCometSupport(AtmosphereFramework.java:2287)
	at org.atmosphere.websocket.DefaultWebSocketProcessor.dispatch(DefaultWebSocketProcessor.java:593)
	at org.atmosphere.websocket.DefaultWebSocketProcessor$3.run(DefaultWebSocketProcessor.java:345)
	at org.atmosphere.util.VoidExecutorService.execute(VoidExecutorService.java:101)
	at org.atmosphere.websocket.DefaultWebSocketProcessor.dispatch(DefaultWebSocketProcessor.java:340)
	at org.atmosphere.websocket.DefaultWebSocketProcessor.invokeWebSocketProtocol(DefaultWebSocketProcessor.java:447)
	at org.atmosphere.container.Jetty9WebSocketHandler.onWebSocketText(Jetty9WebSocketHandler.java:128)
	at org.eclipse.jetty.websocket.common.events.JettyListenerEventDriver.onTextMessage(JettyListenerEventDriver.java:189)
	at org.eclipse.jetty.websocket.common.message.SimpleTextMessage.messageComplete(SimpleTextMessage.java:69)
	at org.eclipse.jetty.websocket.common.events.AbstractEventDriver.appendMessage(AbstractEventDriver.java:66)
	at org.eclipse.jetty.websocket.common.events.JettyListenerEventDriver.onTextFrame(JettyListenerEventDriver.java:158)
	at org.eclipse.jetty.websocket.common.events.AbstractEventDriver.incomingFrame(AbstractEventDriver.java:162)
	at org.eclipse.jetty.websocket.common.WebSocketSession.incomingFrame(WebSocketSession.java:376)
	at org.eclipse.jetty.websocket.common.extensions.ExtensionStack.incomingFrame(ExtensionStack.java:220)
	at org.eclipse.jetty.websocket.common.Parser.notifyFrame(Parser.java:220)
	at org.eclipse.jetty.websocket.common.Parser.parse(Parser.java:256)
	at org.eclipse.jetty.websocket.common.io.AbstractWebSocketConnection.readParse(AbstractWebSocketConnection.java:679)
	at org.eclipse.jetty.websocket.common.io.AbstractWebSocketConnection.onFillable(AbstractWebSocketConnection.java:511)
	at org.eclipse.jetty.io.AbstractConnection$ReadCallback.succeeded(AbstractConnection.java:273)
	at org.eclipse.jetty.io.FillInterest.fillable(FillInterest.java:95)
	at org.eclipse.jetty.io.SelectChannelEndPoint$2.run(SelectChannelEndPoint.java:93)
	at org.eclipse.jetty.util.thread.strategy.ExecuteProduceConsume.executeProduceConsume(ExecuteProduceConsume.java:303)
	at org.eclipse.jetty.util.thread.strategy.ExecuteProduceConsume.produceConsume(ExecuteProduceConsume.java:148)
	at org.eclipse.jetty.util.thread.strategy.ExecuteProduceConsume.run(ExecuteProduceConsume.java:136)
	at org.eclipse.jetty.util.thread.QueuedThreadPool.runJob(QueuedThreadPool.java:671)
	at org.eclipse.jetty.util.thread.QueuedThreadPool$2.run(QueuedThreadPool.java:589)
	at java.lang.Thread.run(Thread.java:748)
13:25:24.188 [scala-execution-context-global-93] ERROR io.udash.rpc.AtmosphereService - RPC request handling failed
java.lang.Exception: null
	at it.lorenzogabriele.impara.server.rpc.MainServerRPCImpl.services(ExposedRpcInterfaces.scala:35)
	at it.lorenzogabriele.impara.server.jetty.ApplicationServer$$anon$12$$anon$1.get(ApplicationServer.scala:41)
	at it.lorenzogabriele.impara.server.jetty.ApplicationServer$$anon$12$$anon$1.get(ApplicationServer.scala:41)
	at com.avsystem.commons.rpc.GetterRPCFramework$GetterRawRPC.$anonfun$resolveGetterChain$1(StandardRPCFramework.scala:50)
	at scala.collection.immutable.List.$anonfun$foldRight$1(List.scala:405)
	at scala.collection.immutable.List.foldRight(List.scala:86)
	at com.avsystem.commons.rpc.GetterRPCFramework$GetterRawRPC.resolveGetterChain(StandardRPCFramework.scala:50)
	at com.avsystem.commons.rpc.GetterRPCFramework$GetterRawRPC.resolveGetterChain$(StandardRPCFramework.scala:49)
	at it.lorenzogabriele.impara.server.jetty.ApplicationServer$$anon$12$$anon$1.resolveGetterChain(ApplicationServer.scala:41)
	at io.udash.rpc.ExposesServerRPC.handleRpcCall(ExposesServerRPC.scala:23)
	at io.udash.rpc.AtmosphereService.handleRpcRequest(AtmosphereService.scala:182)
	at io.udash.rpc.AtmosphereService.handleRequest(AtmosphereService.scala:122)
	at io.udash.rpc.AtmosphereService.onWebsocketRequest(AtmosphereService.scala:84)
	at io.udash.rpc.AtmosphereService.onRequest(AtmosphereService.scala:64)
	at org.atmosphere.cpr.AsynchronousProcessor.action(AsynchronousProcessor.java:223)
	at org.atmosphere.cpr.AsynchronousProcessor.suspended(AsynchronousProcessor.java:115)
	at org.atmosphere.container.Jetty9AsyncSupportWithWebSocket.service(Jetty9AsyncSupportWithWebSocket.java:180)
	at org.atmosphere.cpr.AtmosphereFramework.doCometSupport(AtmosphereFramework.java:2287)
	at org.atmosphere.websocket.DefaultWebSocketProcessor.dispatch(DefaultWebSocketProcessor.java:593)
	at org.atmosphere.websocket.DefaultWebSocketProcessor$3.run(DefaultWebSocketProcessor.java:345)
	at org.atmosphere.util.VoidExecutorService.execute(VoidExecutorService.java:101)
	at org.atmosphere.websocket.DefaultWebSocketProcessor.dispatch(DefaultWebSocketProcessor.java:340)
	at org.atmosphere.websocket.DefaultWebSocketProcessor.invokeWebSocketProtocol(DefaultWebSocketProcessor.java:447)
	at org.atmosphere.container.Jetty9WebSocketHandler.onWebSocketText(Jetty9WebSocketHandler.java:128)
	at org.eclipse.jetty.websocket.common.events.JettyListenerEventDriver.onTextMessage(JettyListenerEventDriver.java:189)
	at org.eclipse.jetty.websocket.common.message.SimpleTextMessage.messageComplete(SimpleTextMessage.java:69)
	at org.eclipse.jetty.websocket.common.events.AbstractEventDriver.appendMessage(AbstractEventDriver.java:66)
	at org.eclipse.jetty.websocket.common.events.JettyListenerEventDriver.onTextFrame(JettyListenerEventDriver.java:158)
	at org.eclipse.jetty.websocket.common.events.AbstractEventDriver.incomingFrame(AbstractEventDriver.java:162)
	at org.eclipse.jetty.websocket.common.WebSocketSession.incomingFrame(WebSocketSession.java:376)
	at org.eclipse.jetty.websocket.common.extensions.ExtensionStack.incomingFrame(ExtensionStack.java:220)
	at org.eclipse.jetty.websocket.common.Parser.notifyFrame(Parser.java:220)
	at org.eclipse.jetty.websocket.common.Parser.parse(Parser.java:256)
	at org.eclipse.jetty.websocket.common.io.AbstractWebSocketConnection.readParse(AbstractWebSocketConnection.java:679)
	at org.eclipse.jetty.websocket.common.io.AbstractWebSocketConnection.onFillable(AbstractWebSocketConnection.java:511)
	at org.eclipse.jetty.io.AbstractConnection$ReadCallback.succeeded(AbstractConnection.java:273)
	at org.eclipse.jetty.io.FillInterest.fillable(FillInterest.java:95)
	at org.eclipse.jetty.io.SelectChannelEndPoint$2.run(SelectChannelEndPoint.java:93)
	at org.eclipse.jetty.util.thread.strategy.ExecuteProduceConsume.executeProduceConsume(ExecuteProduceConsume.java:303)
	at org.eclipse.jetty.util.thread.strategy.ExecuteProduceConsume.produceConsume(ExecuteProduceConsume.java:148)
	at org.eclipse.jetty.util.thread.strategy.ExecuteProduceConsume.run(ExecuteProduceConsume.java:136)
	at org.eclipse.jetty.util.thread.QueuedThreadPool.runJob(QueuedThreadPool.java:671)
	at org.eclipse.jetty.util.thread.QueuedThreadPool$2.run(QueuedThreadPool.java:589)
	at java.lang.Thread.run(Thread.java:748)
13:25:24.344 [scala-execution-context-global-93] ERROR io.udash.rpc.AtmosphereService - RPC request handling failed
java.lang.Exception: null
	at it.lorenzogabriele.impara.server.rpc.MainServerRPCImpl.services(ExposedRpcInterfaces.scala:35)
	at it.lorenzogabriele.impara.server.jetty.ApplicationServer$$anon$12$$anon$1.get(ApplicationServer.scala:41)
	at it.lorenzogabriele.impara.server.jetty.ApplicationServer$$anon$12$$anon$1.get(ApplicationServer.scala:41)
	at com.avsystem.commons.rpc.GetterRPCFramework$GetterRawRPC.$anonfun$resolveGetterChain$1(StandardRPCFramework.scala:50)
	at scala.collection.immutable.List.$anonfun$foldRight$1(List.scala:405)
	at scala.collection.immutable.List.foldRight(List.scala:86)
	at com.avsystem.commons.rpc.GetterRPCFramework$GetterRawRPC.resolveGetterChain(StandardRPCFramework.scala:50)
	at com.avsystem.commons.rpc.GetterRPCFramework$GetterRawRPC.resolveGetterChain$(StandardRPCFramework.scala:49)
	at it.lorenzogabriele.impara.server.jetty.ApplicationServer$$anon$12$$anon$1.resolveGetterChain(ApplicationServer.scala:41)
	at io.udash.rpc.ExposesServerRPC.handleRpcCall(ExposesServerRPC.scala:23)
	at io.udash.rpc.AtmosphereService.handleRpcRequest(AtmosphereService.scala:182)
	at io.udash.rpc.AtmosphereService.handleRequest(AtmosphereService.scala:122)
	at io.udash.rpc.AtmosphereService.onWebsocketRequest(AtmosphereService.scala:84)
	at io.udash.rpc.AtmosphereService.onRequest(AtmosphereService.scala:64)
	at org.atmosphere.cpr.AsynchronousProcessor.action(AsynchronousProcessor.java:223)
	at org.atmosphere.cpr.AsynchronousProcessor.suspended(AsynchronousProcessor.java:115)
	at org.atmosphere.container.Jetty9AsyncSupportWithWebSocket.service(Jetty9AsyncSupportWithWebSocket.java:180)
	at org.atmosphere.cpr.AtmosphereFramework.doCometSupport(AtmosphereFramework.java:2287)
	at org.atmosphere.websocket.DefaultWebSocketProcessor.dispatch(DefaultWebSocketProcessor.java:593)
	at org.atmosphere.websocket.DefaultWebSocketProcessor$3.run(DefaultWebSocketProcessor.java:345)
	at org.atmosphere.util.VoidExecutorService.execute(VoidExecutorService.java:101)
	at org.atmosphere.websocket.DefaultWebSocketProcessor.dispatch(DefaultWebSocketProcessor.java:340)
	at org.atmosphere.websocket.DefaultWebSocketProcessor.invokeWebSocketProtocol(DefaultWebSocketProcessor.java:447)
	at org.atmosphere.container.Jetty9WebSocketHandler.onWebSocketText(Jetty9WebSocketHandler.java:128)
	at org.eclipse.jetty.websocket.common.events.JettyListenerEventDriver.onTextMessage(JettyListenerEventDriver.java:189)
	at org.eclipse.jetty.websocket.common.message.SimpleTextMessage.messageComplete(SimpleTextMessage.java:69)
	at org.eclipse.jetty.websocket.common.events.AbstractEventDriver.appendMessage(AbstractEventDriver.java:66)
	at org.eclipse.jetty.websocket.common.events.JettyListenerEventDriver.onTextFrame(JettyListenerEventDriver.java:158)
	at org.eclipse.jetty.websocket.common.events.AbstractEventDriver.incomingFrame(AbstractEventDriver.java:162)
	at org.eclipse.jetty.websocket.common.WebSocketSession.incomingFrame(WebSocketSession.java:376)
	at org.eclipse.jetty.websocket.common.extensions.ExtensionStack.incomingFrame(ExtensionStack.java:220)
	at org.eclipse.jetty.websocket.common.Parser.notifyFrame(Parser.java:220)
	at org.eclipse.jetty.websocket.common.Parser.parse(Parser.java:256)
	at org.eclipse.jetty.websocket.common.io.AbstractWebSocketConnection.readParse(AbstractWebSocketConnection.java:679)
	at org.eclipse.jetty.websocket.common.io.AbstractWebSocketConnection.onFillable(AbstractWebSocketConnection.java:511)
	at org.eclipse.jetty.io.AbstractConnection$ReadCallback.succeeded(AbstractConnection.java:273)
	at org.eclipse.jetty.io.FillInterest.fillable(FillInterest.java:95)
	at org.eclipse.jetty.io.SelectChannelEndPoint$2.run(SelectChannelEndPoint.java:93)
	at org.eclipse.jetty.util.thread.strategy.ExecuteProduceConsume.executeProduceConsume(ExecuteProduceConsume.java:303)
	at org.eclipse.jetty.util.thread.strategy.ExecuteProduceConsume.produceConsume(ExecuteProduceConsume.java:148)
	at org.eclipse.jetty.util.thread.strategy.ExecuteProduceConsume.run(ExecuteProduceConsume.java:136)
	at org.eclipse.jetty.util.thread.QueuedThreadPool.runJob(QueuedThreadPool.java:671)
	at org.eclipse.jetty.util.thread.QueuedThreadPool$2.run(QueuedThreadPool.java:589)
	at java.lang.Thread.run(Thread.java:748)
13:30:58.281 [scala-execution-context-global-162] ERROR io.udash.rpc.AtmosphereService - RPC request handling failed
java.lang.Exception: null
	at it.lorenzogabriele.impara.server.rpc.MainServerRPCImpl.services(ExposedRpcInterfaces.scala:35)
	at it.lorenzogabriele.impara.server.jetty.ApplicationServer$$anon$12$$anon$1.get(ApplicationServer.scala:41)
	at it.lorenzogabriele.impara.server.jetty.ApplicationServer$$anon$12$$anon$1.get(ApplicationServer.scala:41)
	at com.avsystem.commons.rpc.GetterRPCFramework$GetterRawRPC.$anonfun$resolveGetterChain$1(StandardRPCFramework.scala:50)
	at scala.collection.immutable.List.$anonfun$foldRight$1(List.scala:405)
	at scala.collection.immutable.List.foldRight(List.scala:86)
	at com.avsystem.commons.rpc.GetterRPCFramework$GetterRawRPC.resolveGetterChain(StandardRPCFramework.scala:50)
	at com.avsystem.commons.rpc.GetterRPCFramework$GetterRawRPC.resolveGetterChain$(StandardRPCFramework.scala:49)
	at it.lorenzogabriele.impara.server.jetty.ApplicationServer$$anon$12$$anon$1.resolveGetterChain(ApplicationServer.scala:41)
	at io.udash.rpc.ExposesServerRPC.handleRpcCall(ExposesServerRPC.scala:23)
	at io.udash.rpc.AtmosphereService.handleRpcRequest(AtmosphereService.scala:182)
	at io.udash.rpc.AtmosphereService.handleRequest(AtmosphereService.scala:122)
	at io.udash.rpc.AtmosphereService.onWebsocketRequest(AtmosphereService.scala:84)
	at io.udash.rpc.AtmosphereService.onRequest(AtmosphereService.scala:64)
	at org.atmosphere.cpr.AsynchronousProcessor.action(AsynchronousProcessor.java:223)
	at org.atmosphere.cpr.AsynchronousProcessor.suspended(AsynchronousProcessor.java:115)
	at org.atmosphere.container.Jetty9AsyncSupportWithWebSocket.service(Jetty9AsyncSupportWithWebSocket.java:180)
	at org.atmosphere.cpr.AtmosphereFramework.doCometSupport(AtmosphereFramework.java:2287)
	at org.atmosphere.websocket.DefaultWebSocketProcessor.dispatch(DefaultWebSocketProcessor.java:593)
	at org.atmosphere.websocket.DefaultWebSocketProcessor$3.run(DefaultWebSocketProcessor.java:345)
	at org.atmosphere.util.VoidExecutorService.execute(VoidExecutorService.java:101)
	at org.atmosphere.websocket.DefaultWebSocketProcessor.dispatch(DefaultWebSocketProcessor.java:340)
	at org.atmosphere.websocket.DefaultWebSocketProcessor.invokeWebSocketProtocol(DefaultWebSocketProcessor.java:447)
	at org.atmosphere.container.Jetty9WebSocketHandler.onWebSocketText(Jetty9WebSocketHandler.java:128)
	at org.eclipse.jetty.websocket.common.events.JettyListenerEventDriver.onTextMessage(JettyListenerEventDriver.java:189)
	at org.eclipse.jetty.websocket.common.message.SimpleTextMessage.messageComplete(SimpleTextMessage.java:69)
	at org.eclipse.jetty.websocket.common.events.AbstractEventDriver.appendMessage(AbstractEventDriver.java:66)
	at org.eclipse.jetty.websocket.common.events.JettyListenerEventDriver.onTextFrame(JettyListenerEventDriver.java:158)
	at org.eclipse.jetty.websocket.common.events.AbstractEventDriver.incomingFrame(AbstractEventDriver.java:162)
	at org.eclipse.jetty.websocket.common.WebSocketSession.incomingFrame(WebSocketSession.java:376)
	at org.eclipse.jetty.websocket.common.extensions.ExtensionStack.incomingFrame(ExtensionStack.java:220)
	at org.eclipse.jetty.websocket.common.Parser.notifyFrame(Parser.java:220)
	at org.eclipse.jetty.websocket.common.Parser.parse(Parser.java:256)
	at org.eclipse.jetty.websocket.common.io.AbstractWebSocketConnection.readParse(AbstractWebSocketConnection.java:679)
	at org.eclipse.jetty.websocket.common.io.AbstractWebSocketConnection.onFillable(AbstractWebSocketConnection.java:511)
	at org.eclipse.jetty.io.AbstractConnection$ReadCallback.succeeded(AbstractConnection.java:273)
	at org.eclipse.jetty.io.FillInterest.fillable(FillInterest.java:95)
	at org.eclipse.jetty.io.SelectChannelEndPoint$2.run(SelectChannelEndPoint.java:93)
	at org.eclipse.jetty.util.thread.strategy.ExecuteProduceConsume.executeProduceConsume(ExecuteProduceConsume.java:303)
	at org.eclipse.jetty.util.thread.strategy.ExecuteProduceConsume.produceConsume(ExecuteProduceConsume.java:148)
	at org.eclipse.jetty.util.thread.strategy.ExecuteProduceConsume.run(ExecuteProduceConsume.java:136)
	at org.eclipse.jetty.util.thread.QueuedThreadPool.runJob(QueuedThreadPool.java:671)
	at org.eclipse.jetty.util.thread.QueuedThreadPool$2.run(QueuedThreadPool.java:589)
	at java.lang.Thread.run(Thread.java:748)
13:31:09.585 [scala-execution-context-global-162] ERROR io.udash.rpc.AtmosphereService - RPC request handling failed
java.lang.Exception: null
	at it.lorenzogabriele.impara.server.rpc.MainServerRPCImpl.services(ExposedRpcInterfaces.scala:35)
	at it.lorenzogabriele.impara.server.jetty.ApplicationServer$$anon$12$$anon$1.get(ApplicationServer.scala:41)
	at it.lorenzogabriele.impara.server.jetty.ApplicationServer$$anon$12$$anon$1.get(ApplicationServer.scala:41)
	at com.avsystem.commons.rpc.GetterRPCFramework$GetterRawRPC.$anonfun$resolveGetterChain$1(StandardRPCFramework.scala:50)
	at scala.collection.immutable.List.$anonfun$foldRight$1(List.scala:405)
	at scala.collection.immutable.List.foldRight(List.scala:86)
	at com.avsystem.commons.rpc.GetterRPCFramework$GetterRawRPC.resolveGetterChain(StandardRPCFramework.scala:50)
	at com.avsystem.commons.rpc.GetterRPCFramework$GetterRawRPC.resolveGetterChain$(StandardRPCFramework.scala:49)
	at it.lorenzogabriele.impara.server.jetty.ApplicationServer$$anon$12$$anon$1.resolveGetterChain(ApplicationServer.scala:41)
	at io.udash.rpc.ExposesServerRPC.handleRpcCall(ExposesServerRPC.scala:23)
	at io.udash.rpc.AtmosphereService.handleRpcRequest(AtmosphereService.scala:182)
	at io.udash.rpc.AtmosphereService.handleRequest(AtmosphereService.scala:122)
	at io.udash.rpc.AtmosphereService.onWebsocketRequest(AtmosphereService.scala:84)
	at io.udash.rpc.AtmosphereService.onRequest(AtmosphereService.scala:64)
	at org.atmosphere.cpr.AsynchronousProcessor.action(AsynchronousProcessor.java:223)
	at org.atmosphere.cpr.AsynchronousProcessor.suspended(AsynchronousProcessor.java:115)
	at org.atmosphere.container.Jetty9AsyncSupportWithWebSocket.service(Jetty9AsyncSupportWithWebSocket.java:180)
	at org.atmosphere.cpr.AtmosphereFramework.doCometSupport(AtmosphereFramework.java:2287)
	at org.atmosphere.websocket.DefaultWebSocketProcessor.dispatch(DefaultWebSocketProcessor.java:593)
	at org.atmosphere.websocket.DefaultWebSocketProcessor$3.run(DefaultWebSocketProcessor.java:345)
	at org.atmosphere.util.VoidExecutorService.execute(VoidExecutorService.java:101)
	at org.atmosphere.websocket.DefaultWebSocketProcessor.dispatch(DefaultWebSocketProcessor.java:340)
	at org.atmosphere.websocket.DefaultWebSocketProcessor.invokeWebSocketProtocol(DefaultWebSocketProcessor.java:447)
	at org.atmosphere.container.Jetty9WebSocketHandler.onWebSocketText(Jetty9WebSocketHandler.java:128)
	at org.eclipse.jetty.websocket.common.events.JettyListenerEventDriver.onTextMessage(JettyListenerEventDriver.java:189)
	at org.eclipse.jetty.websocket.common.message.SimpleTextMessage.messageComplete(SimpleTextMessage.java:69)
	at org.eclipse.jetty.websocket.common.events.AbstractEventDriver.appendMessage(AbstractEventDriver.java:66)
	at org.eclipse.jetty.websocket.common.events.JettyListenerEventDriver.onTextFrame(JettyListenerEventDriver.java:158)
	at org.eclipse.jetty.websocket.common.events.AbstractEventDriver.incomingFrame(AbstractEventDriver.java:162)
	at org.eclipse.jetty.websocket.common.WebSocketSession.incomingFrame(WebSocketSession.java:376)
	at org.eclipse.jetty.websocket.common.extensions.ExtensionStack.incomingFrame(ExtensionStack.java:220)
	at org.eclipse.jetty.websocket.common.Parser.notifyFrame(Parser.java:220)
	at org.eclipse.jetty.websocket.common.Parser.parse(Parser.java:256)
	at org.eclipse.jetty.websocket.common.io.AbstractWebSocketConnection.readParse(AbstractWebSocketConnection.java:679)
	at org.eclipse.jetty.websocket.common.io.AbstractWebSocketConnection.onFillable(AbstractWebSocketConnection.java:511)
	at org.eclipse.jetty.io.AbstractConnection$ReadCallback.succeeded(AbstractConnection.java:273)
	at org.eclipse.jetty.io.FillInterest.fillable(FillInterest.java:95)
	at org.eclipse.jetty.io.SelectChannelEndPoint$2.run(SelectChannelEndPoint.java:93)
	at org.eclipse.jetty.util.thread.strategy.ExecuteProduceConsume.executeProduceConsume(ExecuteProduceConsume.java:303)
	at org.eclipse.jetty.util.thread.strategy.ExecuteProduceConsume.produceConsume(ExecuteProduceConsume.java:148)
	at org.eclipse.jetty.util.thread.strategy.ExecuteProduceConsume.run(ExecuteProduceConsume.java:136)
	at org.eclipse.jetty.util.thread.QueuedThreadPool.runJob(QueuedThreadPool.java:671)
	at org.eclipse.jetty.util.thread.QueuedThreadPool$2.run(QueuedThreadPool.java:589)
	at java.lang.Thread.run(Thread.java:748)
13:31:47.065 [scala-execution-context-global-173] ERROR io.udash.rpc.AtmosphereService - RPC request handling failed
com.github.mauricio.async.db.pool.PoolExhaustedException: There are no objects available and the waitQueue is full
	at com.github.mauricio.async.db.pool.SingleThreadedAsyncObjectPool.enqueuePromise(SingleThreadedAsyncObjectPool.scala:194)
	at com.github.mauricio.async.db.pool.SingleThreadedAsyncObjectPool.$anonfun$checkout$1(SingleThreadedAsyncObjectPool.scala:204)
	at com.github.mauricio.async.db.util.Worker$$anon$1.run(Worker.scala:41)
	at java.util.concurrent.ThreadPoolExecutor.runWorker(ThreadPoolExecutor.java:1149)
	at java.util.concurrent.ThreadPoolExecutor$Worker.run(ThreadPoolExecutor.java:624)
	at java.lang.Thread.run(Thread.java:748)
13:32:46.737 [scala-execution-context-global-191] ERROR io.udash.rpc.AtmosphereService - RPC request handling failed
java.lang.Exception: null
	at it.lorenzogabriele.impara.server.rpc.MainServerRPCImpl.services(ExposedRpcInterfaces.scala:35)
	at it.lorenzogabriele.impara.server.jetty.ApplicationServer$$anon$12$$anon$1.get(ApplicationServer.scala:41)
	at it.lorenzogabriele.impara.server.jetty.ApplicationServer$$anon$12$$anon$1.get(ApplicationServer.scala:41)
	at com.avsystem.commons.rpc.GetterRPCFramework$GetterRawRPC.$anonfun$resolveGetterChain$1(StandardRPCFramework.scala:50)
	at scala.collection.immutable.List.$anonfun$foldRight$1(List.scala:405)
	at scala.collection.immutable.List.foldRight(List.scala:86)
	at com.avsystem.commons.rpc.GetterRPCFramework$GetterRawRPC.resolveGetterChain(StandardRPCFramework.scala:50)
	at com.avsystem.commons.rpc.GetterRPCFramework$GetterRawRPC.resolveGetterChain$(StandardRPCFramework.scala:49)
	at it.lorenzogabriele.impara.server.jetty.ApplicationServer$$anon$12$$anon$1.resolveGetterChain(ApplicationServer.scala:41)
	at io.udash.rpc.ExposesServerRPC.handleRpcCall(ExposesServerRPC.scala:23)
	at io.udash.rpc.AtmosphereService.handleRpcRequest(AtmosphereService.scala:182)
	at io.udash.rpc.AtmosphereService.handleRequest(AtmosphereService.scala:122)
	at io.udash.rpc.AtmosphereService.onWebsocketRequest(AtmosphereService.scala:84)
	at io.udash.rpc.AtmosphereService.onRequest(AtmosphereService.scala:64)
	at org.atmosphere.cpr.AsynchronousProcessor.action(AsynchronousProcessor.java:223)
	at org.atmosphere.cpr.AsynchronousProcessor.suspended(AsynchronousProcessor.java:115)
	at org.atmosphere.container.Jetty9AsyncSupportWithWebSocket.service(Jetty9AsyncSupportWithWebSocket.java:180)
	at org.atmosphere.cpr.AtmosphereFramework.doCometSupport(AtmosphereFramework.java:2287)
	at org.atmosphere.websocket.DefaultWebSocketProcessor.dispatch(DefaultWebSocketProcessor.java:593)
	at org.atmosphere.websocket.DefaultWebSocketProcessor$3.run(DefaultWebSocketProcessor.java:345)
	at org.atmosphere.util.VoidExecutorService.execute(VoidExecutorService.java:101)
	at org.atmosphere.websocket.DefaultWebSocketProcessor.dispatch(DefaultWebSocketProcessor.java:340)
	at org.atmosphere.websocket.DefaultWebSocketProcessor.invokeWebSocketProtocol(DefaultWebSocketProcessor.java:447)
	at org.atmosphere.container.Jetty9WebSocketHandler.onWebSocketText(Jetty9WebSocketHandler.java:128)
	at org.eclipse.jetty.websocket.common.events.JettyListenerEventDriver.onTextMessage(JettyListenerEventDriver.java:189)
	at org.eclipse.jetty.websocket.common.message.SimpleTextMessage.messageComplete(SimpleTextMessage.java:69)
	at org.eclipse.jetty.websocket.common.events.AbstractEventDriver.appendMessage(AbstractEventDriver.java:66)
	at org.eclipse.jetty.websocket.common.events.JettyListenerEventDriver.onTextFrame(JettyListenerEventDriver.java:158)
	at org.eclipse.jetty.websocket.common.events.AbstractEventDriver.incomingFrame(AbstractEventDriver.java:162)
	at org.eclipse.jetty.websocket.common.WebSocketSession.incomingFrame(WebSocketSession.java:376)
	at org.eclipse.jetty.websocket.common.extensions.ExtensionStack.incomingFrame(ExtensionStack.java:220)
	at org.eclipse.jetty.websocket.common.Parser.notifyFrame(Parser.java:220)
	at org.eclipse.jetty.websocket.common.Parser.parse(Parser.java:256)
	at org.eclipse.jetty.websocket.common.io.AbstractWebSocketConnection.readParse(AbstractWebSocketConnection.java:679)
	at org.eclipse.jetty.websocket.common.io.AbstractWebSocketConnection.onFillable(AbstractWebSocketConnection.java:511)
	at org.eclipse.jetty.io.AbstractConnection$ReadCallback.succeeded(AbstractConnection.java:273)
	at org.eclipse.jetty.io.FillInterest.fillable(FillInterest.java:95)
	at org.eclipse.jetty.io.SelectChannelEndPoint$2.run(SelectChannelEndPoint.java:93)
	at org.eclipse.jetty.util.thread.strategy.ExecuteProduceConsume.executeProduceConsume(ExecuteProduceConsume.java:303)
	at org.eclipse.jetty.util.thread.strategy.ExecuteProduceConsume.produceConsume(ExecuteProduceConsume.java:148)
	at org.eclipse.jetty.util.thread.strategy.ExecuteProduceConsume.run(ExecuteProduceConsume.java:136)
	at org.eclipse.jetty.util.thread.QueuedThreadPool.runJob(QueuedThreadPool.java:671)
	at org.eclipse.jetty.util.thread.QueuedThreadPool$2.run(QueuedThreadPool.java:589)
	at java.lang.Thread.run(Thread.java:748)
