12:41:01.728 [db-async-netty-thread-1] INFO  c.g.m.a.d.p.c.PostgreSQLConnectionHandler - Connection disconnected - localhost/127.0.0.1:5432
12:42:06.717 [db-async-netty-thread-2] INFO  c.g.m.a.d.p.c.PostgreSQLConnectionHandler - Connection disconnected - localhost/127.0.0.1:5432
12:42:11.717 [db-async-netty-thread-3] INFO  c.g.m.a.d.p.c.PostgreSQLConnectionHandler - Connection disconnected - localhost/127.0.0.1:5432
12:42:16.716 [db-async-netty-thread-4] INFO  c.g.m.a.d.p.c.PostgreSQLConnectionHandler - Connection disconnected - localhost/127.0.0.1:5432
12:42:36.715 [db-async-netty-thread-5] INFO  c.g.m.a.d.p.c.PostgreSQLConnectionHandler - Connection disconnected - localhost/127.0.0.1:5432
12:42:46.718 [db-async-netty-thread-6] INFO  c.g.m.a.d.p.c.PostgreSQLConnectionHandler - Connection disconnected - localhost/127.0.0.1:5432
12:46:21.717 [db-async-netty-thread-7] INFO  c.g.m.a.d.p.c.PostgreSQLConnectionHandler - Connection disconnected - localhost/127.0.0.1:5432
12:46:46.717 [db-async-netty-thread-8] INFO  c.g.m.a.d.p.c.PostgreSQLConnectionHandler - Connection disconnected - localhost/127.0.0.1:5432
12:47:01.717 [db-async-netty-thread-9] INFO  c.g.m.a.d.p.c.PostgreSQLConnectionHandler - Connection disconnected - localhost/127.0.0.1:5432
12:47:16.716 [db-async-netty-thread-10] INFO  c.g.m.a.d.p.c.PostgreSQLConnectionHandler - Connection disconnected - localhost/127.0.0.1:5432
13:09:26.718 [db-async-netty-thread-11] INFO  c.g.m.a.d.p.c.PostgreSQLConnectionHandler - Connection disconnected - localhost/127.0.0.1:5432
13:09:46.717 [db-async-netty-thread-12] INFO  c.g.m.a.d.p.c.PostgreSQLConnectionHandler - Connection disconnected - localhost/127.0.0.1:5432
13:09:56.717 [db-async-netty-thread-13] INFO  c.g.m.a.d.p.c.PostgreSQLConnectionHandler - Connection disconnected - localhost/127.0.0.1:5432
13:10:01.719 [db-async-netty-thread-14] INFO  c.g.m.a.d.p.c.PostgreSQLConnectionHandler - Connection disconnected - localhost/127.0.0.1:5432
13:10:16.717 [db-async-netty-thread-15] INFO  c.g.m.a.d.p.c.PostgreSQLConnectionHandler - Connection disconnected - localhost/127.0.0.1:5432
13:10:21.718 [db-async-netty-thread-16] INFO  c.g.m.a.d.p.c.PostgreSQLConnectionHandler - Connection disconnected - localhost/127.0.0.1:5432
13:10:31.715 [db-async-netty-thread-1] INFO  c.g.m.a.d.p.c.PostgreSQLConnectionHandler - Connection disconnected - localhost/127.0.0.1:5432
13:10:51.716 [db-async-netty-thread-2] INFO  c.g.m.a.d.p.c.PostgreSQLConnectionHandler - Connection disconnected - localhost/127.0.0.1:5432
14:33:21.717 [db-async-netty-thread-3] INFO  c.g.m.a.d.p.c.PostgreSQLConnectionHandler - Connection disconnected - localhost/127.0.0.1:5432
15:06:25.925 [db-async-netty-thread-4] ERROR c.g.m.a.d.p.PostgreSQLConnection - Error with message -> ErrorMessage(fields=Map(Position -> 13, Line -> 1160, File -> parse_relation.c, SQLSTATE -> 42P01, Routine -> parserOpenTable, Message -> relation "domanda_risposta_db" does not exist, Severity -> ERROR))
15:06:25.959 [db-async-netty-thread-4] ERROR c.g.m.a.d.p.PostgreSQLConnection - Error on connection
com.github.mauricio.async.db.postgresql.exceptions.GenericDatabaseException: ErrorMessage(fields=Map(Position -> 13, Line -> 1160, File -> parse_relation.c, SQLSTATE -> 42P01, Routine -> parserOpenTable, Message -> relation "domanda_risposta_db" does not exist, Severity -> ERROR))
	at com.github.mauricio.async.db.postgresql.PostgreSQLConnection.onError(PostgreSQLConnection.scala:175)
	at com.github.mauricio.async.db.postgresql.codec.PostgreSQLConnectionHandler.channelRead0(PostgreSQLConnectionHandler.scala:206)
	at io.netty.channel.SimpleChannelInboundHandler.channelRead(SimpleChannelInboundHandler.java:105)
	at io.netty.channel.AbstractChannelHandlerContext.invokeChannelRead(AbstractChannelHandlerContext.java:373)
	at io.netty.channel.AbstractChannelHandlerContext.invokeChannelRead(AbstractChannelHandlerContext.java:359)
	at io.netty.channel.AbstractChannelHandlerContext.fireChannelRead(AbstractChannelHandlerContext.java:351)
	at io.netty.handler.codec.ByteToMessageDecoder.fireChannelRead(ByteToMessageDecoder.java:293)
	at io.netty.handler.codec.ByteToMessageDecoder.fireChannelRead(ByteToMessageDecoder.java:280)
	at io.netty.handler.codec.ByteToMessageDecoder.callDecode(ByteToMessageDecoder.java:396)
	at io.netty.handler.codec.ByteToMessageDecoder.channelRead(ByteToMessageDecoder.java:248)
	at io.netty.channel.AbstractChannelHandlerContext.invokeChannelRead(AbstractChannelHandlerContext.java:373)
	at io.netty.channel.AbstractChannelHandlerContext.invokeChannelRead(AbstractChannelHandlerContext.java:359)
	at io.netty.channel.AbstractChannelHandlerContext.fireChannelRead(AbstractChannelHandlerContext.java:351)
	at io.netty.channel.DefaultChannelPipeline$HeadContext.channelRead(DefaultChannelPipeline.java:1334)
	at io.netty.channel.AbstractChannelHandlerContext.invokeChannelRead(AbstractChannelHandlerContext.java:373)
	at io.netty.channel.AbstractChannelHandlerContext.invokeChannelRead(AbstractChannelHandlerContext.java:359)
	at io.netty.channel.DefaultChannelPipeline.fireChannelRead(DefaultChannelPipeline.java:926)
	at io.netty.channel.nio.AbstractNioByteChannel$NioByteUnsafe.read(AbstractNioByteChannel.java:129)
	at io.netty.channel.nio.NioEventLoop.processSelectedKey(NioEventLoop.java:651)
	at io.netty.channel.nio.NioEventLoop.processSelectedKeysOptimized(NioEventLoop.java:574)
	at io.netty.channel.nio.NioEventLoop.processSelectedKeys(NioEventLoop.java:488)
	at io.netty.channel.nio.NioEventLoop.run(NioEventLoop.java:450)
	at io.netty.util.concurrent.SingleThreadEventExecutor$5.run(SingleThreadEventExecutor.java:873)
	at java.lang.Thread.run(Thread.java:748)
15:06:25.961 [db-async-netty-thread-4] ERROR c.g.m.a.d.p.PostgreSQLConnection - Setting error on future Future(<not completed>)
15:06:26.715 [db-async-netty-thread-4] INFO  c.g.m.a.d.p.c.PostgreSQLConnectionHandler - Connection disconnected - localhost/127.0.0.1:5432
15:06:44.807 [db-async-netty-thread-5] ERROR c.g.m.a.d.p.PostgreSQLConnection - Error with message -> ErrorMessage(fields=Map(Position -> 47, Line -> 1160, File -> parse_relation.c, SQLSTATE -> 42P01, Routine -> parserOpenTable, Message -> relation "domanda_risposta_db" does not exist, Severity -> ERROR))
15:06:44.808 [db-async-netty-thread-5] ERROR c.g.m.a.d.p.PostgreSQLConnection - Error on connection
com.github.mauricio.async.db.postgresql.exceptions.GenericDatabaseException: ErrorMessage(fields=Map(Position -> 47, Line -> 1160, File -> parse_relation.c, SQLSTATE -> 42P01, Routine -> parserOpenTable, Message -> relation "domanda_risposta_db" does not exist, Severity -> ERROR))
	at com.github.mauricio.async.db.postgresql.PostgreSQLConnection.onError(PostgreSQLConnection.scala:175)
	at com.github.mauricio.async.db.postgresql.codec.PostgreSQLConnectionHandler.channelRead0(PostgreSQLConnectionHandler.scala:206)
	at io.netty.channel.SimpleChannelInboundHandler.channelRead(SimpleChannelInboundHandler.java:105)
	at io.netty.channel.AbstractChannelHandlerContext.invokeChannelRead(AbstractChannelHandlerContext.java:373)
	at io.netty.channel.AbstractChannelHandlerContext.invokeChannelRead(AbstractChannelHandlerContext.java:359)
	at io.netty.channel.AbstractChannelHandlerContext.fireChannelRead(AbstractChannelHandlerContext.java:351)
	at io.netty.handler.codec.ByteToMessageDecoder.fireChannelRead(ByteToMessageDecoder.java:293)
	at io.netty.handler.codec.ByteToMessageDecoder.fireChannelRead(ByteToMessageDecoder.java:280)
	at io.netty.handler.codec.ByteToMessageDecoder.callDecode(ByteToMessageDecoder.java:396)
	at io.netty.handler.codec.ByteToMessageDecoder.channelRead(ByteToMessageDecoder.java:248)
	at io.netty.channel.AbstractChannelHandlerContext.invokeChannelRead(AbstractChannelHandlerContext.java:373)
	at io.netty.channel.AbstractChannelHandlerContext.invokeChannelRead(AbstractChannelHandlerContext.java:359)
	at io.netty.channel.AbstractChannelHandlerContext.fireChannelRead(AbstractChannelHandlerContext.java:351)
	at io.netty.channel.DefaultChannelPipeline$HeadContext.channelRead(DefaultChannelPipeline.java:1334)
	at io.netty.channel.AbstractChannelHandlerContext.invokeChannelRead(AbstractChannelHandlerContext.java:373)
	at io.netty.channel.AbstractChannelHandlerContext.invokeChannelRead(AbstractChannelHandlerContext.java:359)
	at io.netty.channel.DefaultChannelPipeline.fireChannelRead(DefaultChannelPipeline.java:926)
	at io.netty.channel.nio.AbstractNioByteChannel$NioByteUnsafe.read(AbstractNioByteChannel.java:129)
	at io.netty.channel.nio.NioEventLoop.processSelectedKey(NioEventLoop.java:651)
	at io.netty.channel.nio.NioEventLoop.processSelectedKeysOptimized(NioEventLoop.java:574)
	at io.netty.channel.nio.NioEventLoop.processSelectedKeys(NioEventLoop.java:488)
	at io.netty.channel.nio.NioEventLoop.run(NioEventLoop.java:450)
	at io.netty.util.concurrent.SingleThreadEventExecutor$5.run(SingleThreadEventExecutor.java:873)
	at java.lang.Thread.run(Thread.java:748)
15:06:44.808 [db-async-netty-thread-5] ERROR c.g.m.a.d.p.PostgreSQLConnection - Setting error on future Future(<not completed>)
15:06:46.717 [db-async-netty-thread-5] INFO  c.g.m.a.d.p.c.PostgreSQLConnectionHandler - Connection disconnected - localhost/127.0.0.1:5432
15:50:36.463 [db-async-netty-thread-6] ERROR c.g.m.a.d.p.PostgreSQLConnection - Error with message -> ErrorMessage(fields=Map(Position -> 13, Line -> 1160, File -> parse_relation.c, SQLSTATE -> 42P01, Routine -> parserOpenTable, Message -> relation "domanda_risposta_db" does not exist, Severity -> ERROR))
15:50:36.479 [db-async-netty-thread-6] ERROR c.g.m.a.d.p.PostgreSQLConnection - Error on connection
com.github.mauricio.async.db.postgresql.exceptions.GenericDatabaseException: ErrorMessage(fields=Map(Position -> 13, Line -> 1160, File -> parse_relation.c, SQLSTATE -> 42P01, Routine -> parserOpenTable, Message -> relation "domanda_risposta_db" does not exist, Severity -> ERROR))
	at com.github.mauricio.async.db.postgresql.PostgreSQLConnection.onError(PostgreSQLConnection.scala:175)
	at com.github.mauricio.async.db.postgresql.codec.PostgreSQLConnectionHandler.channelRead0(PostgreSQLConnectionHandler.scala:206)
	at io.netty.channel.SimpleChannelInboundHandler.channelRead(SimpleChannelInboundHandler.java:105)
	at io.netty.channel.AbstractChannelHandlerContext.invokeChannelRead(AbstractChannelHandlerContext.java:373)
	at io.netty.channel.AbstractChannelHandlerContext.invokeChannelRead(AbstractChannelHandlerContext.java:359)
	at io.netty.channel.AbstractChannelHandlerContext.fireChannelRead(AbstractChannelHandlerContext.java:351)
	at io.netty.handler.codec.ByteToMessageDecoder.fireChannelRead(ByteToMessageDecoder.java:293)
	at io.netty.handler.codec.ByteToMessageDecoder.fireChannelRead(ByteToMessageDecoder.java:280)
	at io.netty.handler.codec.ByteToMessageDecoder.callDecode(ByteToMessageDecoder.java:396)
	at io.netty.handler.codec.ByteToMessageDecoder.channelRead(ByteToMessageDecoder.java:248)
	at io.netty.channel.AbstractChannelHandlerContext.invokeChannelRead(AbstractChannelHandlerContext.java:373)
	at io.netty.channel.AbstractChannelHandlerContext.invokeChannelRead(AbstractChannelHandlerContext.java:359)
	at io.netty.channel.AbstractChannelHandlerContext.fireChannelRead(AbstractChannelHandlerContext.java:351)
	at io.netty.channel.DefaultChannelPipeline$HeadContext.channelRead(DefaultChannelPipeline.java:1334)
	at io.netty.channel.AbstractChannelHandlerContext.invokeChannelRead(AbstractChannelHandlerContext.java:373)
	at io.netty.channel.AbstractChannelHandlerContext.invokeChannelRead(AbstractChannelHandlerContext.java:359)
	at io.netty.channel.DefaultChannelPipeline.fireChannelRead(DefaultChannelPipeline.java:926)
	at io.netty.channel.nio.AbstractNioByteChannel$NioByteUnsafe.read(AbstractNioByteChannel.java:129)
	at io.netty.channel.nio.NioEventLoop.processSelectedKey(NioEventLoop.java:651)
	at io.netty.channel.nio.NioEventLoop.processSelectedKeysOptimized(NioEventLoop.java:574)
	at io.netty.channel.nio.NioEventLoop.processSelectedKeys(NioEventLoop.java:488)
	at io.netty.channel.nio.NioEventLoop.run(NioEventLoop.java:450)
	at io.netty.util.concurrent.SingleThreadEventExecutor$5.run(SingleThreadEventExecutor.java:873)
	at java.lang.Thread.run(Thread.java:748)
15:50:36.480 [db-async-netty-thread-6] ERROR c.g.m.a.d.p.PostgreSQLConnection - Setting error on future Future(<not completed>)
15:50:36.714 [db-async-netty-thread-6] INFO  c.g.m.a.d.p.c.PostgreSQLConnectionHandler - Connection disconnected - localhost/127.0.0.1:5432
15:52:15.020 [db-async-netty-thread-7] ERROR c.g.m.a.d.p.PostgreSQLConnection - Error with message -> ErrorMessage(fields=Map(Position -> 13, Line -> 1160, File -> parse_relation.c, SQLSTATE -> 42P01, Routine -> parserOpenTable, Message -> relation "domanda_risposta_db" does not exist, Severity -> ERROR))
15:52:15.021 [db-async-netty-thread-7] ERROR c.g.m.a.d.p.PostgreSQLConnection - Error on connection
com.github.mauricio.async.db.postgresql.exceptions.GenericDatabaseException: ErrorMessage(fields=Map(Position -> 13, Line -> 1160, File -> parse_relation.c, SQLSTATE -> 42P01, Routine -> parserOpenTable, Message -> relation "domanda_risposta_db" does not exist, Severity -> ERROR))
	at com.github.mauricio.async.db.postgresql.PostgreSQLConnection.onError(PostgreSQLConnection.scala:175)
	at com.github.mauricio.async.db.postgresql.codec.PostgreSQLConnectionHandler.channelRead0(PostgreSQLConnectionHandler.scala:206)
	at io.netty.channel.SimpleChannelInboundHandler.channelRead(SimpleChannelInboundHandler.java:105)
	at io.netty.channel.AbstractChannelHandlerContext.invokeChannelRead(AbstractChannelHandlerContext.java:373)
	at io.netty.channel.AbstractChannelHandlerContext.invokeChannelRead(AbstractChannelHandlerContext.java:359)
	at io.netty.channel.AbstractChannelHandlerContext.fireChannelRead(AbstractChannelHandlerContext.java:351)
	at io.netty.handler.codec.ByteToMessageDecoder.fireChannelRead(ByteToMessageDecoder.java:293)
	at io.netty.handler.codec.ByteToMessageDecoder.fireChannelRead(ByteToMessageDecoder.java:280)
	at io.netty.handler.codec.ByteToMessageDecoder.callDecode(ByteToMessageDecoder.java:396)
	at io.netty.handler.codec.ByteToMessageDecoder.channelRead(ByteToMessageDecoder.java:248)
	at io.netty.channel.AbstractChannelHandlerContext.invokeChannelRead(AbstractChannelHandlerContext.java:373)
	at io.netty.channel.AbstractChannelHandlerContext.invokeChannelRead(AbstractChannelHandlerContext.java:359)
	at io.netty.channel.AbstractChannelHandlerContext.fireChannelRead(AbstractChannelHandlerContext.java:351)
	at io.netty.channel.DefaultChannelPipeline$HeadContext.channelRead(DefaultChannelPipeline.java:1334)
	at io.netty.channel.AbstractChannelHandlerContext.invokeChannelRead(AbstractChannelHandlerContext.java:373)
	at io.netty.channel.AbstractChannelHandlerContext.invokeChannelRead(AbstractChannelHandlerContext.java:359)
	at io.netty.channel.DefaultChannelPipeline.fireChannelRead(DefaultChannelPipeline.java:926)
	at io.netty.channel.nio.AbstractNioByteChannel$NioByteUnsafe.read(AbstractNioByteChannel.java:129)
	at io.netty.channel.nio.NioEventLoop.processSelectedKey(NioEventLoop.java:651)
	at io.netty.channel.nio.NioEventLoop.processSelectedKeysOptimized(NioEventLoop.java:574)
	at io.netty.channel.nio.NioEventLoop.processSelectedKeys(NioEventLoop.java:488)
	at io.netty.channel.nio.NioEventLoop.run(NioEventLoop.java:450)
	at io.netty.util.concurrent.SingleThreadEventExecutor$5.run(SingleThreadEventExecutor.java:873)
	at java.lang.Thread.run(Thread.java:748)
15:52:15.021 [db-async-netty-thread-7] ERROR c.g.m.a.d.p.PostgreSQLConnection - Setting error on future Future(<not completed>)
15:52:16.716 [db-async-netty-thread-7] INFO  c.g.m.a.d.p.c.PostgreSQLConnectionHandler - Connection disconnected - localhost/127.0.0.1:5432
15:55:37.687 [db-async-netty-thread-8] ERROR c.g.m.a.d.p.PostgreSQLConnection - Error with message -> ErrorMessage(fields=Map(Position -> 13, Line -> 1160, File -> parse_relation.c, SQLSTATE -> 42P01, Routine -> parserOpenTable, Message -> relation "domanda_risposta_db" does not exist, Severity -> ERROR))
15:55:37.688 [db-async-netty-thread-8] ERROR c.g.m.a.d.p.PostgreSQLConnection - Error on connection
com.github.mauricio.async.db.postgresql.exceptions.GenericDatabaseException: ErrorMessage(fields=Map(Position -> 13, Line -> 1160, File -> parse_relation.c, SQLSTATE -> 42P01, Routine -> parserOpenTable, Message -> relation "domanda_risposta_db" does not exist, Severity -> ERROR))
	at com.github.mauricio.async.db.postgresql.PostgreSQLConnection.onError(PostgreSQLConnection.scala:175)
	at com.github.mauricio.async.db.postgresql.codec.PostgreSQLConnectionHandler.channelRead0(PostgreSQLConnectionHandler.scala:206)
	at io.netty.channel.SimpleChannelInboundHandler.channelRead(SimpleChannelInboundHandler.java:105)
	at io.netty.channel.AbstractChannelHandlerContext.invokeChannelRead(AbstractChannelHandlerContext.java:373)
	at io.netty.channel.AbstractChannelHandlerContext.invokeChannelRead(AbstractChannelHandlerContext.java:359)
	at io.netty.channel.AbstractChannelHandlerContext.fireChannelRead(AbstractChannelHandlerContext.java:351)
	at io.netty.handler.codec.ByteToMessageDecoder.fireChannelRead(ByteToMessageDecoder.java:293)
	at io.netty.handler.codec.ByteToMessageDecoder.fireChannelRead(ByteToMessageDecoder.java:280)
	at io.netty.handler.codec.ByteToMessageDecoder.callDecode(ByteToMessageDecoder.java:396)
	at io.netty.handler.codec.ByteToMessageDecoder.channelRead(ByteToMessageDecoder.java:248)
	at io.netty.channel.AbstractChannelHandlerContext.invokeChannelRead(AbstractChannelHandlerContext.java:373)
	at io.netty.channel.AbstractChannelHandlerContext.invokeChannelRead(AbstractChannelHandlerContext.java:359)
	at io.netty.channel.AbstractChannelHandlerContext.fireChannelRead(AbstractChannelHandlerContext.java:351)
	at io.netty.channel.DefaultChannelPipeline$HeadContext.channelRead(DefaultChannelPipeline.java:1334)
	at io.netty.channel.AbstractChannelHandlerContext.invokeChannelRead(AbstractChannelHandlerContext.java:373)
	at io.netty.channel.AbstractChannelHandlerContext.invokeChannelRead(AbstractChannelHandlerContext.java:359)
	at io.netty.channel.DefaultChannelPipeline.fireChannelRead(DefaultChannelPipeline.java:926)
	at io.netty.channel.nio.AbstractNioByteChannel$NioByteUnsafe.read(AbstractNioByteChannel.java:129)
	at io.netty.channel.nio.NioEventLoop.processSelectedKey(NioEventLoop.java:651)
	at io.netty.channel.nio.NioEventLoop.processSelectedKeysOptimized(NioEventLoop.java:574)
	at io.netty.channel.nio.NioEventLoop.processSelectedKeys(NioEventLoop.java:488)
	at io.netty.channel.nio.NioEventLoop.run(NioEventLoop.java:450)
	at io.netty.util.concurrent.SingleThreadEventExecutor$5.run(SingleThreadEventExecutor.java:873)
	at java.lang.Thread.run(Thread.java:748)
15:55:37.689 [db-async-netty-thread-8] ERROR c.g.m.a.d.p.PostgreSQLConnection - Setting error on future Future(<not completed>)
15:55:41.717 [db-async-netty-thread-8] INFO  c.g.m.a.d.p.c.PostgreSQLConnectionHandler - Connection disconnected - localhost/127.0.0.1:5432
15:55:57.020 [db-async-netty-thread-9] ERROR c.g.m.a.d.p.PostgreSQLConnection - Error with message -> ErrorMessage(fields=Map(Position -> 51, Line -> 954, File -> parse_target.c, SQLSTATE -> 42703, Routine -> checkInsertTargets, Message -> column "mazzo" of relation "domanda_risposta_db" does not exist, Severity -> ERROR))
15:55:57.020 [db-async-netty-thread-9] ERROR c.g.m.a.d.p.PostgreSQLConnection - Error on connection
com.github.mauricio.async.db.postgresql.exceptions.GenericDatabaseException: ErrorMessage(fields=Map(Position -> 51, Line -> 954, File -> parse_target.c, SQLSTATE -> 42703, Routine -> checkInsertTargets, Message -> column "mazzo" of relation "domanda_risposta_db" does not exist, Severity -> ERROR))
	at com.github.mauricio.async.db.postgresql.PostgreSQLConnection.onError(PostgreSQLConnection.scala:175)
	at com.github.mauricio.async.db.postgresql.codec.PostgreSQLConnectionHandler.channelRead0(PostgreSQLConnectionHandler.scala:206)
	at io.netty.channel.SimpleChannelInboundHandler.channelRead(SimpleChannelInboundHandler.java:105)
	at io.netty.channel.AbstractChannelHandlerContext.invokeChannelRead(AbstractChannelHandlerContext.java:373)
	at io.netty.channel.AbstractChannelHandlerContext.invokeChannelRead(AbstractChannelHandlerContext.java:359)
	at io.netty.channel.AbstractChannelHandlerContext.fireChannelRead(AbstractChannelHandlerContext.java:351)
	at io.netty.handler.codec.ByteToMessageDecoder.fireChannelRead(ByteToMessageDecoder.java:293)
	at io.netty.handler.codec.ByteToMessageDecoder.fireChannelRead(ByteToMessageDecoder.java:280)
	at io.netty.handler.codec.ByteToMessageDecoder.callDecode(ByteToMessageDecoder.java:396)
	at io.netty.handler.codec.ByteToMessageDecoder.channelRead(ByteToMessageDecoder.java:248)
	at io.netty.channel.AbstractChannelHandlerContext.invokeChannelRead(AbstractChannelHandlerContext.java:373)
	at io.netty.channel.AbstractChannelHandlerContext.invokeChannelRead(AbstractChannelHandlerContext.java:359)
	at io.netty.channel.AbstractChannelHandlerContext.fireChannelRead(AbstractChannelHandlerContext.java:351)
	at io.netty.channel.DefaultChannelPipeline$HeadContext.channelRead(DefaultChannelPipeline.java:1334)
	at io.netty.channel.AbstractChannelHandlerContext.invokeChannelRead(AbstractChannelHandlerContext.java:373)
	at io.netty.channel.AbstractChannelHandlerContext.invokeChannelRead(AbstractChannelHandlerContext.java:359)
	at io.netty.channel.DefaultChannelPipeline.fireChannelRead(DefaultChannelPipeline.java:926)
	at io.netty.channel.nio.AbstractNioByteChannel$NioByteUnsafe.read(AbstractNioByteChannel.java:129)
	at io.netty.channel.nio.NioEventLoop.processSelectedKey(NioEventLoop.java:651)
	at io.netty.channel.nio.NioEventLoop.processSelectedKeysOptimized(NioEventLoop.java:574)
	at io.netty.channel.nio.NioEventLoop.processSelectedKeys(NioEventLoop.java:488)
	at io.netty.channel.nio.NioEventLoop.run(NioEventLoop.java:450)
	at io.netty.util.concurrent.SingleThreadEventExecutor$5.run(SingleThreadEventExecutor.java:873)
	at java.lang.Thread.run(Thread.java:748)
15:55:57.020 [db-async-netty-thread-9] ERROR c.g.m.a.d.p.PostgreSQLConnection - Setting error on future Future(<not completed>)
15:56:01.716 [db-async-netty-thread-9] INFO  c.g.m.a.d.p.c.PostgreSQLConnectionHandler - Connection disconnected - localhost/127.0.0.1:5432
