12:38:41.703 [run-main-4] INFO  org.eclipse.jetty.util.log - Logging initialized @819197ms
12:38:42.076 [run-main-4] INFO  o.atmosphere.cpr.AtmosphereFramework - Installed AtmosphereHandler io.udash.rpc.AtmosphereService mapped to context-path: /*
12:38:42.077 [run-main-4] INFO  o.atmosphere.cpr.AtmosphereFramework - Installed the following AtmosphereInterceptor mapped to AtmosphereHandler io.udash.rpc.AtmosphereService
12:38:42.221 [run-main-4] WARN  o.atmosphere.cpr.AtmosphereFramework - SessionSupport error. Make sure you also define org.atmosphere.cpr.SessionSupport as a listener in web.xml, see https://github.com/Atmosphere/atmosphere/wiki/Enabling-HttpSession-Support
12:38:42.245 [run-main-4] INFO  o.atmosphere.cpr.AtmosphereFramework - Atmosphere is using org.atmosphere.cpr.DefaultAnnotationProcessor for processing annotation
12:38:42.245 [run-main-4] INFO  o.a.cpr.DefaultAnnotationProcessor - AnnotationProcessor class org.atmosphere.cpr.DefaultAnnotationProcessor$BytecodeBasedAnnotationProcessor being used
12:38:42.297 [run-main-4] INFO  o.atmosphere.cpr.AtmosphereFramework - Auto detecting WebSocketHandler in /WEB-INF/classes/
12:38:42.298 [run-main-4] INFO  o.atmosphere.cpr.AtmosphereFramework - Installed WebSocketProtocol org.atmosphere.websocket.protocol.SimpleHttpProtocol 
12:38:42.364 [run-main-4] INFO  o.atmosphere.cpr.AtmosphereFramework - Installing Default AtmosphereInterceptors
12:38:42.364 [run-main-4] INFO  o.atmosphere.cpr.AtmosphereFramework - 	org.atmosphere.interceptor.CorsInterceptor : CORS Interceptor Support
12:38:42.365 [run-main-4] INFO  o.atmosphere.cpr.AtmosphereFramework - 	org.atmosphere.interceptor.CacheHeadersInterceptor : Default Response's Headers Interceptor
12:38:42.365 [run-main-4] INFO  o.atmosphere.cpr.AtmosphereFramework - 	org.atmosphere.interceptor.PaddingAtmosphereInterceptor : Browser Padding Interceptor Support
12:38:42.366 [run-main-4] INFO  o.atmosphere.cpr.AtmosphereFramework - 	org.atmosphere.interceptor.AndroidAtmosphereInterceptor : Android Interceptor Support
12:38:42.366 [run-main-4] INFO  o.atmosphere.cpr.AtmosphereFramework - 	org.atmosphere.interceptor.HeartbeatInterceptor : Heartbeat Interceptor Support
12:38:42.367 [run-main-4] INFO  o.atmosphere.cpr.AtmosphereFramework - 	org.atmosphere.interceptor.SSEAtmosphereInterceptor : SSE Interceptor Support
12:38:42.367 [run-main-4] INFO  o.atmosphere.cpr.AtmosphereFramework - 	org.atmosphere.interceptor.JSONPAtmosphereInterceptor : JSONP Interceptor Support
12:38:42.369 [run-main-4] INFO  o.atmosphere.cpr.AtmosphereFramework - 	org.atmosphere.interceptor.JavaScriptProtocol : Atmosphere JavaScript Protocol
12:38:42.369 [run-main-4] INFO  o.atmosphere.cpr.AtmosphereFramework - 	org.atmosphere.interceptor.WebSocketMessageSuspendInterceptor : org.atmosphere.interceptor.WebSocketMessageSuspendInterceptor
12:38:42.369 [run-main-4] INFO  o.atmosphere.cpr.AtmosphereFramework - 	org.atmosphere.interceptor.OnDisconnectInterceptor : Browser disconnection detection
12:38:42.370 [run-main-4] INFO  o.atmosphere.cpr.AtmosphereFramework - 	org.atmosphere.interceptor.IdleResourceInterceptor : org.atmosphere.interceptor.IdleResourceInterceptor
12:38:42.370 [run-main-4] INFO  o.atmosphere.cpr.AtmosphereFramework - Set org.atmosphere.cpr.AtmosphereInterceptor.disableDefaults to disable them.
12:38:42.370 [run-main-4] INFO  o.atmosphere.cpr.AtmosphereFramework - Installed AtmosphereInterceptor CORS Interceptor Support with priority FIRST_BEFORE_DEFAULT 
12:38:42.376 [run-main-4] INFO  o.atmosphere.cpr.AtmosphereFramework - Installed AtmosphereInterceptor Default Response's Headers Interceptor with priority AFTER_DEFAULT 
12:38:42.377 [run-main-4] INFO  o.atmosphere.cpr.AtmosphereFramework - Installed AtmosphereInterceptor Browser Padding Interceptor Support with priority AFTER_DEFAULT 
12:38:42.377 [run-main-4] INFO  o.atmosphere.cpr.AtmosphereFramework - Installed AtmosphereInterceptor Android Interceptor Support with priority AFTER_DEFAULT 
12:38:42.377 [run-main-4] INFO  o.a.interceptor.HeartbeatInterceptor - HeartbeatInterceptor configured with padding value 'X', client frequency 30 seconds and server frequency 30 seconds
12:38:42.377 [run-main-4] INFO  o.atmosphere.cpr.AtmosphereFramework - Installed AtmosphereInterceptor Heartbeat Interceptor Support with priority AFTER_DEFAULT 
12:38:42.377 [run-main-4] INFO  o.atmosphere.cpr.AtmosphereFramework - Installed AtmosphereInterceptor SSE Interceptor Support with priority AFTER_DEFAULT 
12:38:42.377 [run-main-4] INFO  o.atmosphere.cpr.AtmosphereFramework - Installed AtmosphereInterceptor JSONP Interceptor Support with priority AFTER_DEFAULT 
12:38:42.378 [run-main-4] INFO  o.atmosphere.cpr.AtmosphereFramework - Installed AtmosphereInterceptor Atmosphere JavaScript Protocol with priority AFTER_DEFAULT 
12:38:42.378 [run-main-4] INFO  o.atmosphere.cpr.AtmosphereFramework - Installed AtmosphereInterceptor org.atmosphere.interceptor.WebSocketMessageSuspendInterceptor with priority AFTER_DEFAULT 
12:38:42.378 [run-main-4] INFO  o.atmosphere.cpr.AtmosphereFramework - Installed AtmosphereInterceptor Browser disconnection detection with priority AFTER_DEFAULT 
12:38:42.378 [run-main-4] INFO  o.atmosphere.cpr.AtmosphereFramework - Installed AtmosphereInterceptor org.atmosphere.interceptor.IdleResourceInterceptor with priority BEFORE_DEFAULT 
12:38:42.379 [run-main-4] INFO  o.atmosphere.cpr.AtmosphereFramework - Using EndpointMapper class org.atmosphere.util.DefaultEndpointMapper
12:38:42.379 [run-main-4] WARN  o.atmosphere.cpr.AtmosphereFramework - No BroadcasterCache configured. Broadcasted message between client reconnection will be LOST. It is recommended to configure the org.atmosphere.cache.UUIDBroadcasterCache
12:38:42.379 [run-main-4] INFO  o.atmosphere.cpr.AtmosphereFramework - Default Broadcaster Class: org.atmosphere.cpr.DefaultBroadcaster
12:38:42.380 [run-main-4] INFO  o.atmosphere.cpr.AtmosphereFramework - Broadcaster Shared List Resources: false
12:38:42.380 [run-main-4] INFO  o.atmosphere.cpr.AtmosphereFramework - Broadcaster Polling Wait Time 100
12:38:42.380 [run-main-4] INFO  o.atmosphere.cpr.AtmosphereFramework - Shared ExecutorService supported: true
12:38:42.380 [run-main-4] INFO  o.atmosphere.cpr.AtmosphereFramework - Messaging Thread Pool Size: 4
12:38:42.380 [run-main-4] INFO  o.atmosphere.cpr.AtmosphereFramework - Async I/O Thread Pool Size: 4
12:38:42.382 [run-main-4] INFO  o.atmosphere.cpr.AtmosphereFramework - Using BroadcasterFactory: org.atmosphere.cpr.DefaultBroadcasterFactory
12:38:42.382 [run-main-4] INFO  o.atmosphere.cpr.AtmosphereFramework - Using AtmosphereResurceFactory: org.atmosphere.cpr.DefaultAtmosphereResourceFactory
12:38:42.382 [run-main-4] INFO  o.atmosphere.cpr.AtmosphereFramework - Using WebSocketProcessor: org.atmosphere.websocket.DefaultWebSocketProcessor
12:38:42.383 [run-main-4] INFO  o.atmosphere.cpr.AtmosphereFramework - Invoke AtmosphereInterceptor on WebSocket message true
12:38:42.383 [run-main-4] INFO  o.atmosphere.cpr.AtmosphereFramework - HttpSession supported: true
12:38:42.383 [run-main-4] INFO  o.atmosphere.cpr.AtmosphereFramework - Atmosphere is using DefaultAtmosphereObjectFactory for dependency injection and object creation
12:38:42.383 [run-main-4] INFO  o.atmosphere.cpr.AtmosphereFramework - Atmosphere is using async support: org.atmosphere.container.Jetty9AsyncSupportWithWebSocket running under container: Undefined/0.0 with WebSocket enabled.
12:38:42.384 [run-main-4] INFO  o.atmosphere.cpr.AtmosphereFramework - Atmosphere Framework 2.4.9 started.
12:38:42.384 [run-main-4] INFO  o.atmosphere.cpr.AtmosphereFramework - 

	For Atmosphere Framework Commercial Support, visit 
	http://www.async-io.org/ or send an email to support@async-io.org

12:38:42.388 [run-main-4] INFO  org.eclipse.jetty.server.Server - jetty-9.3.11.v20160721
12:38:42.614 [run-main-4] INFO  o.e.j.server.handler.ContextHandler - Started o.e.j.s.ServletContextHandler@6e08858d{/,null,AVAILABLE}
12:38:42.628 [run-main-4] INFO  o.e.jetty.server.AbstractConnector - Started ServerConnector@3e07cac6{HTTP/1.1,[http/1.1]}{0.0.0.0:8080}
12:38:42.628 [run-main-4] INFO  org.eclipse.jetty.server.Server - Started @820125ms
12:38:43.375 [Thread-2] INFO  o.atmosphere.cpr.AtmosphereFramework - Latest version of Atmosphere's JavaScript Client 2.3.5
12:39:14.340 [db-async-netty-thread-1] INFO  c.g.m.a.d.p.c.PostgreSQLConnectionHandler - Connection disconnected - localhost/127.0.0.1:5432
12:39:16.523 [db-async-netty-thread-2] ERROR c.g.m.a.d.p.PostgreSQLConnection - Error with message -> ErrorMessage(fields=Map(Position -> 8, Line -> 3183, File -> parse_relation.c, SQLSTATE -> 42703, Routine -> errorMissingColumn, Message -> column m.id does not exist, Severity -> ERROR))
12:39:16.548 [db-async-netty-thread-2] ERROR c.g.m.a.d.p.PostgreSQLConnection - Error on connection
com.github.mauricio.async.db.postgresql.exceptions.GenericDatabaseException: ErrorMessage(fields=Map(Position -> 8, Line -> 3183, File -> parse_relation.c, SQLSTATE -> 42703, Routine -> errorMissingColumn, Message -> column m.id does not exist, Severity -> ERROR))
	at com.github.mauricio.async.db.postgresql.PostgreSQLConnection.onError(PostgreSQLConnection.scala:175)
	at com.github.mauricio.async.db.postgresql.codec.PostgreSQLConnectionHandler.channelRead0(PostgreSQLConnectionHandler.scala:206)
	at io.netty.channel.SimpleChannelInboundHandler.channelRead(SimpleChannelInboundHandler.java:105)
	at io.netty.channel.AbstractChannelHandlerContext.invokeChannelRead(AbstractChannelHandlerContext.java:373)
	at io.netty.channel.AbstractChannelHandlerContext.invokeChannelRead(AbstractChannelHandlerContext.java:359)
	at io.netty.channel.AbstractChannelHandlerContext.fireChannelRead(AbstractChannelHandlerContext.java:351)
	at io.netty.handler.codec.ByteToMessageDecoder.fireChannelRead(ByteToMessageDecoder.java:293)
	at io.netty.handler.codec.ByteToMessageDecoder.fireChannelRead(ByteToMessageDecoder.java:280)
	at io.netty.handler.codec.ByteToMessageDecoder.callDecode(ByteToMessageDecoder.java:396)
	at io.netty.handler.codec.ByteToMessageDecoder.channelRead(ByteToMessageDecoder.java:248)
	at io.netty.channel.AbstractChannelHandlerContext.invokeChannelRead(AbstractChannelHandlerContext.java:373)
	at io.netty.channel.AbstractChannelHandlerContext.invokeChannelRead(AbstractChannelHandlerContext.java:359)
	at io.netty.channel.AbstractChannelHandlerContext.fireChannelRead(AbstractChannelHandlerContext.java:351)
	at io.netty.channel.DefaultChannelPipeline$HeadContext.channelRead(DefaultChannelPipeline.java:1334)
	at io.netty.channel.AbstractChannelHandlerContext.invokeChannelRead(AbstractChannelHandlerContext.java:373)
	at io.netty.channel.AbstractChannelHandlerContext.invokeChannelRead(AbstractChannelHandlerContext.java:359)
	at io.netty.channel.DefaultChannelPipeline.fireChannelRead(DefaultChannelPipeline.java:926)
	at io.netty.channel.nio.AbstractNioByteChannel$NioByteUnsafe.read(AbstractNioByteChannel.java:129)
	at io.netty.channel.nio.NioEventLoop.processSelectedKey(NioEventLoop.java:651)
	at io.netty.channel.nio.NioEventLoop.processSelectedKeysOptimized(NioEventLoop.java:574)
	at io.netty.channel.nio.NioEventLoop.processSelectedKeys(NioEventLoop.java:488)
	at io.netty.channel.nio.NioEventLoop.run(NioEventLoop.java:450)
	at io.netty.util.concurrent.SingleThreadEventExecutor$5.run(SingleThreadEventExecutor.java:873)
	at java.lang.Thread.run(Thread.java:748)
12:39:16.549 [db-async-netty-thread-2] ERROR c.g.m.a.d.p.PostgreSQLConnection - Setting error on future Future(<not completed>)
12:39:16.550 [scala-execution-context-global-324] ERROR io.udash.rpc.AtmosphereService - RPC request handling failed
com.github.mauricio.async.db.postgresql.exceptions.GenericDatabaseException: ErrorMessage(fields=Map(Position -> 8, Line -> 3183, File -> parse_relation.c, SQLSTATE -> 42703, Routine -> errorMissingColumn, Message -> column m.id does not exist, Severity -> ERROR))
	at com.github.mauricio.async.db.postgresql.PostgreSQLConnection.onError(PostgreSQLConnection.scala:175)
	at com.github.mauricio.async.db.postgresql.codec.PostgreSQLConnectionHandler.channelRead0(PostgreSQLConnectionHandler.scala:206)
	at io.netty.channel.SimpleChannelInboundHandler.channelRead(SimpleChannelInboundHandler.java:105)
	at io.netty.channel.AbstractChannelHandlerContext.invokeChannelRead(AbstractChannelHandlerContext.java:373)
	at io.netty.channel.AbstractChannelHandlerContext.invokeChannelRead(AbstractChannelHandlerContext.java:359)
	at io.netty.channel.AbstractChannelHandlerContext.fireChannelRead(AbstractChannelHandlerContext.java:351)
	at io.netty.handler.codec.ByteToMessageDecoder.fireChannelRead(ByteToMessageDecoder.java:293)
	at io.netty.handler.codec.ByteToMessageDecoder.fireChannelRead(ByteToMessageDecoder.java:280)
	at io.netty.handler.codec.ByteToMessageDecoder.callDecode(ByteToMessageDecoder.java:396)
	at io.netty.handler.codec.ByteToMessageDecoder.channelRead(ByteToMessageDecoder.java:248)
	at io.netty.channel.AbstractChannelHandlerContext.invokeChannelRead(AbstractChannelHandlerContext.java:373)
	at io.netty.channel.AbstractChannelHandlerContext.invokeChannelRead(AbstractChannelHandlerContext.java:359)
	at io.netty.channel.AbstractChannelHandlerContext.fireChannelRead(AbstractChannelHandlerContext.java:351)
	at io.netty.channel.DefaultChannelPipeline$HeadContext.channelRead(DefaultChannelPipeline.java:1334)
	at io.netty.channel.AbstractChannelHandlerContext.invokeChannelRead(AbstractChannelHandlerContext.java:373)
	at io.netty.channel.AbstractChannelHandlerContext.invokeChannelRead(AbstractChannelHandlerContext.java:359)
	at io.netty.channel.DefaultChannelPipeline.fireChannelRead(DefaultChannelPipeline.java:926)
	at io.netty.channel.nio.AbstractNioByteChannel$NioByteUnsafe.read(AbstractNioByteChannel.java:129)
	at io.netty.channel.nio.NioEventLoop.processSelectedKey(NioEventLoop.java:651)
	at io.netty.channel.nio.NioEventLoop.processSelectedKeysOptimized(NioEventLoop.java:574)
	at io.netty.channel.nio.NioEventLoop.processSelectedKeys(NioEventLoop.java:488)
	at io.netty.channel.nio.NioEventLoop.run(NioEventLoop.java:450)
	at io.netty.util.concurrent.SingleThreadEventExecutor$5.run(SingleThreadEventExecutor.java:873)
	at java.lang.Thread.run(Thread.java:748)
12:39:19.336 [db-async-netty-thread-2] INFO  c.g.m.a.d.p.c.PostgreSQLConnectionHandler - Connection disconnected - localhost/127.0.0.1:5432
12:39:31.562 [db-async-netty-thread-3] ERROR c.g.m.a.d.p.PostgreSQLConnection - Error with message -> ErrorMessage(fields=Map(Position -> 8, Line -> 3183, File -> parse_relation.c, SQLSTATE -> 42703, Routine -> errorMissingColumn, Message -> column m.id does not exist, Severity -> ERROR))
12:39:31.563 [db-async-netty-thread-3] ERROR c.g.m.a.d.p.PostgreSQLConnection - Error on connection
com.github.mauricio.async.db.postgresql.exceptions.GenericDatabaseException: ErrorMessage(fields=Map(Position -> 8, Line -> 3183, File -> parse_relation.c, SQLSTATE -> 42703, Routine -> errorMissingColumn, Message -> column m.id does not exist, Severity -> ERROR))
	at com.github.mauricio.async.db.postgresql.PostgreSQLConnection.onError(PostgreSQLConnection.scala:175)
	at com.github.mauricio.async.db.postgresql.codec.PostgreSQLConnectionHandler.channelRead0(PostgreSQLConnectionHandler.scala:206)
	at io.netty.channel.SimpleChannelInboundHandler.channelRead(SimpleChannelInboundHandler.java:105)
	at io.netty.channel.AbstractChannelHandlerContext.invokeChannelRead(AbstractChannelHandlerContext.java:373)
	at io.netty.channel.AbstractChannelHandlerContext.invokeChannelRead(AbstractChannelHandlerContext.java:359)
	at io.netty.channel.AbstractChannelHandlerContext.fireChannelRead(AbstractChannelHandlerContext.java:351)
	at io.netty.handler.codec.ByteToMessageDecoder.fireChannelRead(ByteToMessageDecoder.java:293)
	at io.netty.handler.codec.ByteToMessageDecoder.fireChannelRead(ByteToMessageDecoder.java:280)
	at io.netty.handler.codec.ByteToMessageDecoder.callDecode(ByteToMessageDecoder.java:396)
	at io.netty.handler.codec.ByteToMessageDecoder.channelRead(ByteToMessageDecoder.java:248)
	at io.netty.channel.AbstractChannelHandlerContext.invokeChannelRead(AbstractChannelHandlerContext.java:373)
	at io.netty.channel.AbstractChannelHandlerContext.invokeChannelRead(AbstractChannelHandlerContext.java:359)
	at io.netty.channel.AbstractChannelHandlerContext.fireChannelRead(AbstractChannelHandlerContext.java:351)
	at io.netty.channel.DefaultChannelPipeline$HeadContext.channelRead(DefaultChannelPipeline.java:1334)
	at io.netty.channel.AbstractChannelHandlerContext.invokeChannelRead(AbstractChannelHandlerContext.java:373)
	at io.netty.channel.AbstractChannelHandlerContext.invokeChannelRead(AbstractChannelHandlerContext.java:359)
	at io.netty.channel.DefaultChannelPipeline.fireChannelRead(DefaultChannelPipeline.java:926)
	at io.netty.channel.nio.AbstractNioByteChannel$NioByteUnsafe.read(AbstractNioByteChannel.java:129)
	at io.netty.channel.nio.NioEventLoop.processSelectedKey(NioEventLoop.java:651)
	at io.netty.channel.nio.NioEventLoop.processSelectedKeysOptimized(NioEventLoop.java:574)
	at io.netty.channel.nio.NioEventLoop.processSelectedKeys(NioEventLoop.java:488)
	at io.netty.channel.nio.NioEventLoop.run(NioEventLoop.java:450)
	at io.netty.util.concurrent.SingleThreadEventExecutor$5.run(SingleThreadEventExecutor.java:873)
	at java.lang.Thread.run(Thread.java:748)
12:39:31.563 [db-async-netty-thread-3] ERROR c.g.m.a.d.p.PostgreSQLConnection - Setting error on future Future(<not completed>)
12:39:31.564 [scala-execution-context-global-325] ERROR io.udash.rpc.AtmosphereService - RPC request handling failed
com.github.mauricio.async.db.postgresql.exceptions.GenericDatabaseException: ErrorMessage(fields=Map(Position -> 8, Line -> 3183, File -> parse_relation.c, SQLSTATE -> 42703, Routine -> errorMissingColumn, Message -> column m.id does not exist, Severity -> ERROR))
	at com.github.mauricio.async.db.postgresql.PostgreSQLConnection.onError(PostgreSQLConnection.scala:175)
	at com.github.mauricio.async.db.postgresql.codec.PostgreSQLConnectionHandler.channelRead0(PostgreSQLConnectionHandler.scala:206)
	at io.netty.channel.SimpleChannelInboundHandler.channelRead(SimpleChannelInboundHandler.java:105)
	at io.netty.channel.AbstractChannelHandlerContext.invokeChannelRead(AbstractChannelHandlerContext.java:373)
	at io.netty.channel.AbstractChannelHandlerContext.invokeChannelRead(AbstractChannelHandlerContext.java:359)
	at io.netty.channel.AbstractChannelHandlerContext.fireChannelRead(AbstractChannelHandlerContext.java:351)
	at io.netty.handler.codec.ByteToMessageDecoder.fireChannelRead(ByteToMessageDecoder.java:293)
	at io.netty.handler.codec.ByteToMessageDecoder.fireChannelRead(ByteToMessageDecoder.java:280)
	at io.netty.handler.codec.ByteToMessageDecoder.callDecode(ByteToMessageDecoder.java:396)
	at io.netty.handler.codec.ByteToMessageDecoder.channelRead(ByteToMessageDecoder.java:248)
	at io.netty.channel.AbstractChannelHandlerContext.invokeChannelRead(AbstractChannelHandlerContext.java:373)
	at io.netty.channel.AbstractChannelHandlerContext.invokeChannelRead(AbstractChannelHandlerContext.java:359)
	at io.netty.channel.AbstractChannelHandlerContext.fireChannelRead(AbstractChannelHandlerContext.java:351)
	at io.netty.channel.DefaultChannelPipeline$HeadContext.channelRead(DefaultChannelPipeline.java:1334)
	at io.netty.channel.AbstractChannelHandlerContext.invokeChannelRead(AbstractChannelHandlerContext.java:373)
	at io.netty.channel.AbstractChannelHandlerContext.invokeChannelRead(AbstractChannelHandlerContext.java:359)
	at io.netty.channel.DefaultChannelPipeline.fireChannelRead(DefaultChannelPipeline.java:926)
	at io.netty.channel.nio.AbstractNioByteChannel$NioByteUnsafe.read(AbstractNioByteChannel.java:129)
	at io.netty.channel.nio.NioEventLoop.processSelectedKey(NioEventLoop.java:651)
	at io.netty.channel.nio.NioEventLoop.processSelectedKeysOptimized(NioEventLoop.java:574)
	at io.netty.channel.nio.NioEventLoop.processSelectedKeys(NioEventLoop.java:488)
	at io.netty.channel.nio.NioEventLoop.run(NioEventLoop.java:450)
	at io.netty.util.concurrent.SingleThreadEventExecutor$5.run(SingleThreadEventExecutor.java:873)
	at java.lang.Thread.run(Thread.java:748)
12:39:34.334 [db-async-netty-thread-3] INFO  c.g.m.a.d.p.c.PostgreSQLConnectionHandler - Connection disconnected - localhost/127.0.0.1:5432
