10:20:13.053 [main] INFO  org.eclipse.jetty.util.log - Logging initialized @1730ms
10:20:13.353 [main] INFO  o.atmosphere.cpr.AtmosphereFramework - Installed AtmosphereHandler io.udash.rpc.AtmosphereService mapped to context-path: /*
10:20:13.354 [main] INFO  o.atmosphere.cpr.AtmosphereFramework - Installed the following AtmosphereInterceptor mapped to AtmosphereHandler io.udash.rpc.AtmosphereService
10:20:13.380 [main] WARN  o.atmosphere.cpr.AtmosphereFramework - SessionSupport error. Make sure you also define org.atmosphere.cpr.SessionSupport as a listener in web.xml, see https://github.com/Atmosphere/atmosphere/wiki/Enabling-HttpSession-Support
10:20:13.410 [main] INFO  o.atmosphere.cpr.AtmosphereFramework - Atmosphere is using org.atmosphere.cpr.DefaultAnnotationProcessor for processing annotation
10:20:13.411 [main] INFO  o.a.cpr.DefaultAnnotationProcessor - AnnotationProcessor class org.atmosphere.cpr.DefaultAnnotationProcessor$BytecodeBasedAnnotationProcessor being used
10:20:13.484 [main] INFO  o.atmosphere.cpr.AtmosphereFramework - Auto detecting WebSocketHandler in /WEB-INF/classes/
10:20:13.485 [main] INFO  o.atmosphere.cpr.AtmosphereFramework - Installed WebSocketProtocol org.atmosphere.websocket.protocol.SimpleHttpProtocol 
10:20:13.711 [main] INFO  o.atmosphere.cpr.AtmosphereFramework - Installing Default AtmosphereInterceptors
10:20:13.712 [main] INFO  o.atmosphere.cpr.AtmosphereFramework - 	org.atmosphere.interceptor.CorsInterceptor : CORS Interceptor Support
10:20:13.712 [main] INFO  o.atmosphere.cpr.AtmosphereFramework - 	org.atmosphere.interceptor.CacheHeadersInterceptor : Default Response's Headers Interceptor
10:20:13.713 [main] INFO  o.atmosphere.cpr.AtmosphereFramework - 	org.atmosphere.interceptor.PaddingAtmosphereInterceptor : Browser Padding Interceptor Support
10:20:13.714 [main] INFO  o.atmosphere.cpr.AtmosphereFramework - 	org.atmosphere.interceptor.AndroidAtmosphereInterceptor : Android Interceptor Support
10:20:13.715 [main] INFO  o.atmosphere.cpr.AtmosphereFramework - 	org.atmosphere.interceptor.HeartbeatInterceptor : Heartbeat Interceptor Support
10:20:13.716 [main] INFO  o.atmosphere.cpr.AtmosphereFramework - 	org.atmosphere.interceptor.SSEAtmosphereInterceptor : SSE Interceptor Support
10:20:13.716 [main] INFO  o.atmosphere.cpr.AtmosphereFramework - 	org.atmosphere.interceptor.JSONPAtmosphereInterceptor : JSONP Interceptor Support
10:20:13.718 [main] INFO  o.atmosphere.cpr.AtmosphereFramework - 	org.atmosphere.interceptor.JavaScriptProtocol : Atmosphere JavaScript Protocol
10:20:13.718 [main] INFO  o.atmosphere.cpr.AtmosphereFramework - 	org.atmosphere.interceptor.WebSocketMessageSuspendInterceptor : org.atmosphere.interceptor.WebSocketMessageSuspendInterceptor
10:20:13.718 [main] INFO  o.atmosphere.cpr.AtmosphereFramework - 	org.atmosphere.interceptor.OnDisconnectInterceptor : Browser disconnection detection
10:20:13.719 [main] INFO  o.atmosphere.cpr.AtmosphereFramework - 	org.atmosphere.interceptor.IdleResourceInterceptor : org.atmosphere.interceptor.IdleResourceInterceptor
10:20:13.719 [main] INFO  o.atmosphere.cpr.AtmosphereFramework - Set org.atmosphere.cpr.AtmosphereInterceptor.disableDefaults to disable them.
10:20:13.720 [main] INFO  o.atmosphere.cpr.AtmosphereFramework - Installed AtmosphereInterceptor CORS Interceptor Support with priority FIRST_BEFORE_DEFAULT 
10:20:13.725 [main] INFO  o.atmosphere.cpr.AtmosphereFramework - Installed AtmosphereInterceptor Default Response's Headers Interceptor with priority AFTER_DEFAULT 
10:20:13.725 [main] INFO  o.atmosphere.cpr.AtmosphereFramework - Installed AtmosphereInterceptor Browser Padding Interceptor Support with priority AFTER_DEFAULT 
10:20:13.726 [main] INFO  o.atmosphere.cpr.AtmosphereFramework - Installed AtmosphereInterceptor Android Interceptor Support with priority AFTER_DEFAULT 
10:20:13.726 [main] INFO  o.a.interceptor.HeartbeatInterceptor - HeartbeatInterceptor configured with padding value 'X', client frequency 30 seconds and server frequency 30 seconds
10:20:13.726 [main] INFO  o.atmosphere.cpr.AtmosphereFramework - Installed AtmosphereInterceptor Heartbeat Interceptor Support with priority AFTER_DEFAULT 
10:20:13.726 [main] INFO  o.atmosphere.cpr.AtmosphereFramework - Installed AtmosphereInterceptor SSE Interceptor Support with priority AFTER_DEFAULT 
10:20:13.726 [main] INFO  o.atmosphere.cpr.AtmosphereFramework - Installed AtmosphereInterceptor JSONP Interceptor Support with priority AFTER_DEFAULT 
10:20:13.727 [main] INFO  o.atmosphere.cpr.AtmosphereFramework - Installed AtmosphereInterceptor Atmosphere JavaScript Protocol with priority AFTER_DEFAULT 
10:20:13.727 [main] INFO  o.atmosphere.cpr.AtmosphereFramework - Installed AtmosphereInterceptor org.atmosphere.interceptor.WebSocketMessageSuspendInterceptor with priority AFTER_DEFAULT 
10:20:13.727 [main] INFO  o.atmosphere.cpr.AtmosphereFramework - Installed AtmosphereInterceptor Browser disconnection detection with priority AFTER_DEFAULT 
10:20:13.727 [main] INFO  o.atmosphere.cpr.AtmosphereFramework - Installed AtmosphereInterceptor org.atmosphere.interceptor.IdleResourceInterceptor with priority BEFORE_DEFAULT 
10:20:13.729 [main] INFO  o.atmosphere.cpr.AtmosphereFramework - Using EndpointMapper class org.atmosphere.util.DefaultEndpointMapper
10:20:13.730 [main] WARN  o.atmosphere.cpr.AtmosphereFramework - No BroadcasterCache configured. Broadcasted message between client reconnection will be LOST. It is recommended to configure the org.atmosphere.cache.UUIDBroadcasterCache
10:20:13.730 [main] INFO  o.atmosphere.cpr.AtmosphereFramework - Default Broadcaster Class: org.atmosphere.cpr.DefaultBroadcaster
10:20:13.730 [main] INFO  o.atmosphere.cpr.AtmosphereFramework - Broadcaster Shared List Resources: false
10:20:13.730 [main] INFO  o.atmosphere.cpr.AtmosphereFramework - Broadcaster Polling Wait Time 100
10:20:13.730 [main] INFO  o.atmosphere.cpr.AtmosphereFramework - Shared ExecutorService supported: true
10:20:13.730 [main] INFO  o.atmosphere.cpr.AtmosphereFramework - Messaging Thread Pool Size: 4
10:20:13.731 [main] INFO  o.atmosphere.cpr.AtmosphereFramework - Async I/O Thread Pool Size: 4
10:20:13.731 [main] INFO  o.atmosphere.cpr.AtmosphereFramework - Using BroadcasterFactory: org.atmosphere.cpr.DefaultBroadcasterFactory
10:20:13.731 [main] INFO  o.atmosphere.cpr.AtmosphereFramework - Using AtmosphereResurceFactory: org.atmosphere.cpr.DefaultAtmosphereResourceFactory
10:20:13.731 [main] INFO  o.atmosphere.cpr.AtmosphereFramework - Using WebSocketProcessor: org.atmosphere.websocket.DefaultWebSocketProcessor
10:20:13.731 [main] INFO  o.atmosphere.cpr.AtmosphereFramework - Invoke AtmosphereInterceptor on WebSocket message true
10:20:13.731 [main] INFO  o.atmosphere.cpr.AtmosphereFramework - HttpSession supported: true
10:20:13.731 [main] INFO  o.atmosphere.cpr.AtmosphereFramework - Atmosphere is using DefaultAtmosphereObjectFactory for dependency injection and object creation
10:20:13.731 [main] INFO  o.atmosphere.cpr.AtmosphereFramework - Atmosphere is using async support: org.atmosphere.container.Jetty9AsyncSupportWithWebSocket running under container: Undefined/0.0 with WebSocket enabled.
10:20:13.733 [main] INFO  o.atmosphere.cpr.AtmosphereFramework - Atmosphere Framework 2.4.9 started.
10:20:13.733 [main] INFO  o.atmosphere.cpr.AtmosphereFramework - 

	For Atmosphere Framework Commercial Support, visit 
	http://www.async-io.org/ or send an email to support@async-io.org

10:20:13.737 [main] INFO  org.eclipse.jetty.server.Server - jetty-9.3.11.v20160721
10:20:13.871 [main] INFO  o.e.j.server.handler.ContextHandler - Started o.e.j.s.ServletContextHandler@21e360a{/,null,AVAILABLE}
10:20:14.333 [Thread-0] INFO  o.atmosphere.cpr.AtmosphereFramework - Latest version of Atmosphere's JavaScript Client 2.3.5
